[(4, 7, 6), (5, 4, 6), (4, 6, 7), (4, 5, 6), (4, 7, 3), (5, 6, 2), (4, 5, 0), (2, 6, 7), (4, 0, 3), (1, 5, 2), (5, 1, 0), (3, 2, 7), (0, 2, 3), (0, 1, 2)] [5.022173057773121, 13] [3.0368111930480994, 0]
[(4, 5, 6), (5, 4, 6), (4, 6, 7), (4, 7, 6), (4, 5, 0), (5, 6, 2), (4, 7, 3), (2, 6, 7), (5, 1, 0), (1, 5, 2), (4, 0, 3), (3, 2, 7), (0, 1, 2), (0, 2, 3)] [5.0234903702712925, 3] [3.034631599426204, 12]
[(5, 4, 6), (4, 5, 6), (4, 7, 6), (4, 6, 7), (4, 5, 0), (4, 7, 3), (5, 6, 2), (2, 6, 7), (5, 1, 0), (4, 0, 3), (1, 5, 2), (3, 2, 7), (0, 1, 2), (0, 2, 3)] [5.024787403242051, 1] [3.0324834701387005, 13]
[(4, 5, 6), (5, 4, 6), (4, 6, 7), (4, 7, 6), (4, 5, 0), (5, 6, 2), (4, 7, 3), (2, 6, 7), (5, 1, 0), (1, 5, 2), (4, 0, 3), (3, 2, 7), (0, 1, 2), (0, 2, 3)] [5.026064139972148, 1] [3.0303669258574075, 13]
[(5, 4, 6), (4, 5, 6), (4, 7, 6), (4, 6, 7), (4, 5, 0), (4, 7, 3), (5, 6, 2), (2, 6, 7), (5, 1, 0), (4, 0, 3), (1, 5, 2), (3, 2, 7), (0, 1, 2), (0, 2, 3)] [5.027320564018544, 1] [3.0282820857774646, 13]
[(4, 5, 6), (5, 4, 6), (4, 6, 7), (4, 7, 6), (4, 5, 0), (5, 6, 2), (4, 7, 3), (2, 6, 7), (5, 1, 0), (1, 5, 2), (4, 0, 3), (3, 2, 7), (0, 1, 2), (0, 2, 3)] [5.028556659208195, 1] [3.026229067598381, 13]
[(5, 4, 6), (4, 5, 6), (4, 7, 6), (4, 6, 7), (4, 5, 0), (4, 7, 3), (5, 6, 2), (2, 6, 7), (5, 1, 0), (4, 0, 3), (1, 5, 2), (3, 2, 7), (0, 1, 2), (0, 2, 3)] [5.029772409637847, 1] [3.0242079875052137, 13]
[(4, 5, 6), (5, 4, 6), (4, 6, 7), (4, 7, 6), (4, 5, 0), (5, 6, 2), (4, 7, 3), (2, 6, 7), (5, 1, 0), (1, 5, 2), (4, 0, 3), (3, 2, 7), (0, 1, 2), (0, 2, 3)] [5.030967799673839, 1] [3.0222189601498792, 13]
[(5, 4, 6), (4, 5, 6), (4, 7, 6), (4, 6, 7), (4, 5, 0), (4, 7, 3), (5, 6, 2), (2, 6, 7), (5, 1, 0), (4, 0, 3), (1, 5, 2), (3, 2, 7), (0, 1, 2), (0, 2, 3)] [5.032142813951899, 1] [3.020262098632618, 13]
[(4, 5, 6), (5, 4, 6), (4, 6, 7), (4, 7, 6), (4, 5, 0), (5, 6, 2), (4, 7, 3), (2, 6, 7), (5, 1, 0), (1, 5, 2), (4, 0, 3), (3, 2, 7), (0, 1, 2), (0, 2, 3)] [5.033297437376951, 1] [3.018337514483603, 13]
[(5, 4, 6), (4, 5, 6), (4, 7, 6), (4, 6, 7), (4, 5, 0), (4, 7, 3), (5, 6, 2), (2, 6, 7), (5, 1, 0), (4, 0, 3), (1, 5, 2), (3, 2, 7), (0, 1, 2), (0, 2, 3)] [5.034431655122925, 1] [3.0164453176447084, 13]
[(4, 5, 6), (5, 4, 6), (4, 6, 7), (4, 7, 6), (4, 5, 0), (5, 6, 2), (4, 7, 3), (2, 6, 7), (5, 1, 0), (1, 5, 2), (4, 0, 3), (3, 2, 7), (0, 1, 2), (0, 2, 3)] [5.035545452632567, 1] [3.014585616451442, 13]
[(5, 4, 6), (4, 5, 6), (4, 7, 6), (4, 6, 7), (4, 5, 0), (4, 7, 3), (5, 6, 2), (2, 6, 7), (5, 1, 0), (4, 0, 3), (1, 5, 2), (3, 2, 7), (0, 1, 2), (0, 2, 3)] [5.036638815617254, 1] [3.012758517615056, 13]
[(4, 5, 6), (5, 4, 6), (4, 6, 7), (4, 7, 6), (4, 5, 0), (5, 6, 2), (4, 7, 3), (2, 6, 7), (5, 1, 0), (1, 5, 2), (4, 0, 3), (3, 2, 7), (0, 1, 2), (0, 2, 3)] [5.037711730056817, 1] [3.010964126204826, 13]
[(5, 4, 6), (4, 5, 6), (4, 7, 6), (4, 6, 7), (4, 5, 0), (4, 7, 3), (5, 6, 2), (2, 6, 7), (5, 1, 0), (4, 0, 3), (1, 5, 2), (3, 2, 7), (0, 1, 2), (0, 2, 3)] [5.038764182199362, 1] [3.0092025456305254, 13]
[(4, 5, 6), (5, 4, 6), (4, 6, 7), (4, 7, 6), (4, 5, 0), (5, 6, 2), (4, 7, 3), (2, 6, 7), (5, 1, 0), (1, 5, 2), (4, 0, 3), (3, 2, 7), (0, 1, 2), (0, 2, 3)] [5.0397961585610975, 1] [3.007473877625083, 13]
[(5, 4, 6), (4, 5, 6), (4, 7, 6), (4, 6, 7), (4, 5, 0), (4, 7, 3), (5, 6, 2), (2, 6, 7), (5, 1, 0), (4, 0, 3), (1, 5, 2), (3, 2, 7), (0, 1, 2), (0, 2, 3)] [5.040807645926161, 1] [3.005778222227449, 13]
[(4, 5, 6), (5, 4, 6), (4, 6, 7), (4, 7, 6), (4, 5, 0), (5, 6, 2), (4, 7, 3), (2, 6, 7), (5, 1, 0), (1, 5, 2), (4, 0, 3), (3, 2, 7), (0, 1, 2), (0, 2, 3)] [5.041798631346455, 1] [3.0041156777656646, 13]
[(5, 4, 6), (4, 5, 6), (4, 7, 6), (4, 6, 7), (4, 5, 0), (4, 7, 3), (5, 6, 2), (2, 6, 7), (5, 1, 0), (4, 0, 3), (1, 5, 2), (3, 2, 7), (0, 1, 2), (0, 2, 3)] [5.042769102141489, 1] [3.0024863408401328, 13]
[(4, 5, 6), (5, 4, 6), (4, 6, 7), (4, 7, 6), (4, 5, 0), (5, 6, 2), (4, 7, 3), (2, 6, 7), (5, 1, 0), (1, 5, 2), (4, 0, 3), (3, 2, 7), (0, 1, 2), (0, 2, 3)] [5.043719045898208, 1] [3.0008903063071313, 13]
[(5, 4, 6), (4, 5, 6), (4, 7, 6), (4, 6, 7), (4, 5, 0), (4, 7, 3), (5, 6, 2), (2, 6, 7), (5, 1, 0), (4, 0, 3), (1, 5, 2), (3, 2, 7), (0, 1, 2), (0, 2, 3)] [5.044648450470852, 1] [2.999327667262527, 13]
[(4, 5, 6), (5, 4, 6), (4, 6, 7), (4, 7, 6), (4, 5, 0), (5, 6, 2), (4, 7, 3), (2, 6, 7), (5, 1, 0), (1, 5, 2), (4, 0, 3), (3, 2, 7), (0, 1, 2), (0, 2, 3)] [5.045557303980789, 1] [2.997798515025744, 13]
[(5, 4, 6), (4, 5, 6), (4, 7, 6), (4, 6, 7), (4, 5, 0), (4, 7, 3), (5, 6, 2), (2, 6, 7), (5, 1, 0), (4, 0, 3), (1, 5, 2), (3, 2, 7), (0, 1, 2), (0, 2, 3)] [5.046445594816375, 1] [2.996302939123954, 13]
[(4, 5, 6), (5, 4, 6), (4, 6, 7), (4, 7, 6), (4, 5, 0), (5, 6, 2), (4, 7, 3), (2, 6, 7), (5, 1, 0), (1, 5, 2), (4, 0, 3), (3, 2, 7), (0, 1, 2), (0, 2, 3)] [5.047313311632805, 1] [2.994841027276528, 13]
[(5, 4, 6), (4, 5, 6), (4, 7, 6), (4, 6, 7), (4, 5, 0), (4, 7, 3), (5, 6, 2), (2, 6, 7), (5, 1, 0), (4, 0, 3), (1, 5, 2), (3, 2, 7), (0, 1, 2), (0, 2, 3)] [5.048160443351975, 1] [2.9934128653797223, 13]
[(4, 5, 6), (5, 4, 6), (4, 6, 7), (4, 7, 6), (4, 5, 0), (5, 6, 2), (4, 7, 3), (2, 6, 7), (5, 1, 0), (1, 5, 2), (4, 0, 3), (3, 2, 7), (0, 1, 2), (0, 2, 3)] [5.048986979162334, 1] [2.9920185374916466, 13]
[(5, 4, 6), (4, 5, 6), (4, 7, 6), (4, 6, 7), (4, 5, 0), (4, 7, 3), (5, 6, 2), (2, 6, 7), (5, 1, 0), (4, 0, 3), (1, 5, 2), (3, 2, 7), (0, 1, 2), (0, 2, 3)] [5.049792908518762, 1] [2.990658125817471, 13]
[(4, 5, 6), (5, 4, 6), (4, 6, 7), (4, 7, 6), (4, 5, 0), (5, 6, 2), (4, 7, 3), (2, 6, 7), (5, 1, 0), (1, 5, 2), (4, 0, 3), (3, 2, 7), (0, 1, 2), (0, 2, 3)] [5.050578221142427, 1] [2.9893317106949246, 13]
[(5, 4, 6), (4, 5, 6), (4, 7, 6), (4, 6, 7), (4, 5, 0), (4, 7, 3), (5, 6, 2), (2, 6, 7), (5, 1, 0), (4, 0, 3), (1, 5, 2), (3, 2, 7), (0, 1, 2), (0, 2, 3)] [5.051342907020661, 1] [2.9880393705800627, 13]
[(4, 5, 6), (5, 4, 6), (4, 6, 7), (4, 7, 6), (4, 5, 0), (5, 6, 2), (4, 7, 3), (2, 6, 7), (5, 1, 0), (1, 5, 2), (4, 0, 3), (3, 2, 7), (0, 1, 2), (0, 2, 3)] [5.052086956406839, 1] [2.986781182033315, 13]
[(5, 4, 6), (4, 5, 6), (4, 7, 6), (4, 6, 7), (4, 5, 0), (4, 7, 3), (5, 6, 2), (2, 6, 7), (5, 1, 0), (4, 0, 3), (1, 5, 2), (3, 2, 7), (0, 1, 2), (0, 2, 3)] [5.052810359820248, 1] [2.9855572197058327, 13]
[(4, 5, 6), (5, 4, 6), (4, 6, 7), (4, 7, 6), (4, 5, 0), (5, 6, 2), (4, 7, 3), (2, 6, 7), (5, 1, 0), (1, 5, 2), (4, 0, 3), (3, 2, 7), (0, 1, 2), (0, 2, 3)] [5.053513108045978, 1] [2.984367556326118, 13]
[(5, 4, 6), (4, 5, 6), (4, 7, 6), (4, 6, 7), (4, 5, 0), (4, 7, 3), (5, 6, 2), (2, 6, 7), (5, 1, 0), (4, 0, 3), (1, 5, 2), (3, 2, 7), (0, 1, 2), (0, 2, 3)] [5.054195192134802, 1] [2.983212262686966, 13]
[(4, 5, 6), (5, 4, 6), (4, 6, 7), (4, 7, 6), (4, 5, 0), (5, 6, 2), (4, 7, 3), (2, 6, 7), (5, 1, 0), (1, 5, 2), (4, 0, 3), (3, 2, 7), (0, 1, 2), (0, 2, 3)] [5.05485660340307, 1] [2.9820914076327076, 13]
[(5, 4, 6), (4, 5, 6), (4, 7, 6), (4, 6, 7), (4, 5, 0), (4, 7, 3), (5, 6, 2), (2, 6, 7), (5, 1, 0), (4, 0, 3), (1, 5, 2), (3, 2, 7), (0, 1, 2), (0, 2, 3)] [5.05549733343259, 1] [2.9810050580467684, 13]
[(4, 5, 6), (5, 4, 6), (4, 6, 7), (4, 7, 6), (4, 5, 0), (5, 6, 2), (4, 7, 3), (2, 6, 7), (5, 1, 0), (1, 5, 2), (4, 0, 3), (3, 2, 7), (0, 1, 2), (0, 2, 3)] [5.056117374070537, 1] [2.9799532788395355, 13]
[(5, 4, 6), (4, 5, 6), (4, 7, 6), (4, 6, 7), (4, 5, 0), (4, 7, 3), (5, 6, 2), (2, 6, 7), (5, 1, 0), (4, 0, 3), (1, 5, 2), (3, 2, 7), (0, 1, 2), (0, 2, 3)] [5.056716717429342, 1] [2.978936132936565, 13]
[(4, 5, 6), (5, 4, 6), (4, 6, 7), (4, 7, 6), (4, 5, 0), (5, 6, 2), (4, 7, 3), (2, 6, 7), (5, 1, 0), (1, 5, 2), (4, 0, 3), (3, 2, 7), (0, 1, 2), (0, 2, 3)] [5.057295355886601, 1] [2.9779536812670986, 13]
[(5, 4, 6), (4, 5, 6), (4, 7, 6), (4, 6, 7), (4, 5, 0), (4, 7, 3), (5, 6, 2), (2, 6, 7), (5, 1, 0), (4, 0, 3), (1, 5, 2), (3, 2, 7), (0, 1, 2), (0, 2, 3)] [5.057853282084971, 1] [2.977005982752928, 13]
[(4, 5, 6), (5, 4, 6), (4, 6, 7), (4, 7, 6), (4, 5, 0), (5, 6, 2), (4, 7, 3), (2, 6, 7), (5, 1, 0), (1, 5, 2), (4, 0, 3), (3, 2, 7), (0, 1, 2), (0, 2, 3)] [5.0583904889320905, 1] [2.976093094297592, 13]
[(5, 4, 6), (4, 5, 6), (4, 7, 6), (4, 6, 7), (4, 5, 0), (4, 7, 3), (5, 6, 2), (2, 6, 7), (5, 1, 0), (4, 0, 3), (1, 5, 2), (3, 2, 7), (0, 1, 2), (0, 2, 3)] [5.05890696960048, 1] [2.9752150707759144, 13]
[(4, 5, 6), (5, 4, 6), (4, 6, 7), (4, 7, 6), (4, 5, 0), (5, 6, 2), (4, 7, 3), (2, 6, 7), (5, 1, 0), (1, 5, 2), (4, 0, 3), (3, 2, 7), (0, 1, 2), (0, 2, 3)] [5.059402717527468, 1] [2.9743719650238956, 13]
[(5, 4, 6), (4, 5, 6), (4, 7, 6), (4, 6, 7), (4, 5, 0), (4, 7, 3), (5, 6, 2), (2, 6, 7), (5, 1, 0), (4, 0, 3), (1, 5, 2), (3, 2, 7), (0, 1, 2), (0, 2, 3)] [5.0598777264151025, 1] [2.973563827828953, 13]
[(4, 5, 6), (5, 4, 6), (4, 6, 7), (4, 7, 6), (4, 5, 0), (5, 6, 2), (4, 7, 3), (2, 6, 7), (5, 1, 0), (1, 5, 2), (4, 0, 3), (3, 2, 7), (0, 1, 2), (0, 2, 3)] [5.0603319902300745, 1] [2.9727907079205176, 13]
[(5, 4, 6), (4, 5, 6), (4, 7, 6), (4, 6, 7), (4, 5, 0), (4, 7, 3), (5, 6, 2), (2, 6, 7), (5, 1, 0), (4, 0, 3), (1, 5, 2), (3, 2, 7), (0, 1, 2), (0, 2, 3)] [5.060765503203645, 1] [2.9720526519609973, 13]
[(4, 5, 6), (5, 4, 6), (4, 6, 7), (4, 7, 6), (4, 5, 0), (5, 6, 2), (4, 7, 3), (2, 6, 7), (5, 1, 0), (1, 5, 2), (4, 0, 3), (3, 2, 7), (0, 1, 2), (0, 2, 3)] [5.061178259831574, 1] [2.9713497045370962, 13]
[(5, 4, 6), (4, 5, 6), (4, 7, 6), (4, 6, 7), (4, 5, 0), (4, 7, 3), (5, 6, 2), (2, 6, 7), (5, 1, 0), (4, 0, 3), (1, 5, 2), (3, 2, 7), (0, 1, 2), (0, 2, 3)] [5.061570254874046, 1] [2.970681908151515, 13]
[(4, 5, 6), (5, 4, 6), (4, 6, 7), (4, 7, 6), (4, 5, 0), (5, 6, 2), (4, 7, 3), (2, 6, 7), (5, 1, 0), (1, 5, 2), (4, 0, 3), (3, 2, 7), (0, 1, 2), (0, 2, 3)] [5.061941483355618, 1] [2.9700493032150104, 13]
[(5, 4, 6), (4, 5, 6), (4, 7, 6), (4, 6, 7), (4, 5, 0), (4, 7, 3), (5, 6, 2), (2, 6, 7), (5, 1, 0), (4, 0, 3), (1, 5, 2), (3, 2, 7), (0, 1, 2), (0, 2, 3)] [5.062291940565144, 1] [2.969451928038848, 13]
[(4, 5, 6), (5, 4, 6), (4, 6, 7), (4, 7, 6), (4, 5, 0), (5, 6, 2), (4, 7, 3), (2, 6, 7), (5, 1, 0), (1, 5, 2), (4, 0, 3), (3, 2, 7), (0, 1, 2), (0, 2, 3)] [5.062621622055727, 1] [2.9688898188276176, 13]
[(5, 4, 6), (4, 5, 6), (4, 7, 6), (4, 6, 7), (4, 5, 0), (4, 7, 3), (5, 6, 2), (2, 6, 7), (5, 1, 0), (4, 0, 3), (1, 5, 2), (3, 2, 7), (0, 1, 2), (0, 2, 3)] [5.062930523644658, 1] [2.968363009672448, 13]
[(4, 5, 6), (5, 4, 6), (4, 6, 7), (4, 7, 6), (4, 5, 0), (5, 6, 2), (4, 7, 3), (2, 6, 7), (5, 1, 0), (1, 5, 2), (4, 0, 3), (3, 2, 7), (0, 1, 2), (0, 2, 3)] [5.063218641413368, 1] [2.9678715325445966, 13]
[(5, 4, 6), (4, 5, 6), (4, 7, 6), (4, 6, 7), (4, 5, 0), (4, 7, 3), (5, 6, 2), (2, 6, 7), (5, 1, 0), (4, 0, 3), (1, 5, 2), (3, 2, 7), (0, 1, 2), (0, 2, 3)] [5.063485971707378, 1] [2.9674154172894363, 13]
[(4, 5, 6), (5, 4, 6), (4, 6, 7), (4, 7, 6), (4, 5, 0), (5, 6, 2), (4, 7, 3), (2, 6, 7), (5, 1, 0), (1, 5, 2), (4, 0, 3), (3, 2, 7), (0, 1, 2), (0, 2, 3)] [5.063732511136252, 1] [2.96699469162083, 13]
[(5, 4, 6), (4, 5, 6), (4, 7, 6), (4, 6, 7), (4, 5, 0), (4, 7, 3), (5, 6, 2), (2, 6, 7), (5, 1, 0), (4, 0, 3), (1, 5, 2), (3, 2, 7), (0, 1, 2), (0, 2, 3)] [5.063958256573564, 1] [2.9666093811159033, 13]
[(4, 5, 6), (5, 4, 6), (4, 6, 7), (4, 7, 6), (4, 5, 0), (5, 6, 2), (4, 7, 3), (2, 6, 7), (5, 1, 0), (1, 5, 2), (4, 0, 3), (3, 2, 7), (0, 1, 2), (0, 2, 3)] [5.064163205156842, 1] [2.966259509210214, 13]
[(5, 4, 6), (4, 5, 6), (4, 7, 6), (4, 6, 7), (4, 5, 0), (4, 7, 3), (5, 6, 2), (2, 6, 7), (5, 1, 0), (4, 0, 3), (1, 5, 2), (3, 2, 7), (0, 1, 2), (0, 2, 3)] [5.0643473542875554, 1] [2.9659450971933192, 13]
[(4, 5, 6), (5, 4, 6), (4, 6, 7), (4, 7, 6), (4, 5, 0), (5, 6, 2), (4, 7, 3), (2, 6, 7), (5, 1, 0), (1, 5, 2), (4, 0, 3), (3, 2, 7), (0, 1, 2), (0, 2, 3)] [5.064510701631061, 1] [2.965666164204747, 13]
[(5, 4, 6), (4, 5, 6), (4, 7, 6), (4, 6, 7), (4, 5, 0), (4, 7, 3), (5, 6, 2), (2, 6, 7), (5, 1, 0), (4, 0, 3), (1, 5, 2), (3, 2, 7), (0, 1, 2), (0, 2, 3)] [5.064653245116593, 1] [2.965422727230372, 13]
[(4, 5, 6), (5, 4, 6), (4, 6, 7), (4, 7, 6), (4, 5, 0), (5, 6, 2), (4, 7, 3), (2, 6, 7), (5, 1, 0), (1, 5, 2), (4, 0, 3), (3, 2, 7), (0, 1, 2), (0, 2, 3)] [5.0647749829372195, 1] [2.965214801099194, 13]
[(5, 4, 6), (4, 5, 6), (4, 7, 6), (4, 6, 7), (4, 5, 0), (4, 7, 3), (5, 6, 2), (2, 6, 7), (5, 1, 0), (4, 0, 3), (1, 5, 2), (3, 2, 7), (0, 1, 2), (0, 2, 3)] [5.064875913549838, 1] [2.9650423984805236, 13]
[(4, 5, 6), (5, 4, 6), (4, 6, 7), (4, 7, 6), (4, 5, 0), (5, 6, 2), (4, 7, 3), (2, 6, 7), (5, 1, 0), (1, 5, 2), (4, 0, 3), (3, 2, 7), (0, 1, 2), (0, 2, 3)] [5.064956035675144, 1] [2.9649055298815803, 13]
[(5, 4, 6), (4, 5, 6), (4, 7, 6), (4, 6, 7), (4, 5, 0), (4, 7, 3), (5, 6, 2), (2, 6, 7), (5, 1, 0), (4, 0, 3), (1, 5, 2), (3, 2, 7), (0, 1, 2), (0, 2, 3)] [5.065015348297618, 1] [2.9648042036454956, 13]
[(4, 5, 6), (5, 4, 6), (4, 6, 7), (4, 7, 6), (4, 5, 0), (5, 6, 2), (4, 7, 3), (2, 6, 7), (5, 1, 0), (1, 5, 2), (4, 0, 3), (3, 2, 7), (0, 1, 2), (0, 2, 3)] [5.065053850665517, 1] [2.9647384259497254, 13]
[(5, 4, 6), (4, 5, 6), (4, 7, 6), (4, 6, 7), (4, 5, 0), (4, 7, 3), (5, 6, 2), (2, 6, 7), (5, 1, 0), (4, 0, 3), (1, 5, 2), (3, 2, 7), (0, 1, 2), (0, 2, 3)] [5.065071542290862, 1] [2.964708200804881, 13]
[(4, 5, 6), (5, 4, 6), (4, 6, 7), (4, 7, 6), (4, 5, 0), (5, 6, 2), (4, 7, 3), (5, 1, 0), (2, 6, 7), (1, 5, 2), (4, 0, 3), (3, 2, 7), (0, 1, 2), (0, 2, 3)] [5.0650684229494285, 1] [2.964713530053963, 13]
[(5, 4, 6), (4, 5, 6), (4, 7, 6), (4, 6, 7), (4, 5, 0), (4, 7, 3), (5, 6, 2), (5, 1, 0), (2, 6, 7), (4, 0, 3), (1, 5, 2), (3, 2, 7), (0, 1, 2), (0, 2, 3)] [5.065044492680753, 1] [2.96475441337201, 13]
[(4, 5, 6), (5, 4, 6), (4, 6, 7), (4, 7, 6), (4, 5, 0), (5, 6, 2), (4, 7, 3), (5, 1, 0), (2, 6, 7), (1, 5, 2), (4, 0, 3), (3, 2, 7), (0, 1, 2), (0, 2, 3)] [5.064999751788125, 1] [2.9648308482661654, 13]
[(5, 4, 6), (4, 5, 6), (4, 7, 6), (4, 6, 7), (4, 5, 0), (4, 7, 3), (5, 6, 2), (5, 1, 0), (2, 6, 7), (4, 0, 3), (1, 5, 2), (3, 2, 7), (0, 1, 2), (0, 2, 3)] [5.064934200838595, 1] [2.9649428300761467, 13]
[(4, 5, 6), (5, 4, 6), (4, 6, 7), (4, 7, 6), (4, 5, 0), (5, 6, 2), (4, 7, 3), (5, 1, 0), (2, 6, 7), (1, 5, 2), (4, 0, 3), (3, 2, 7), (0, 1, 2), (0, 2, 3)] [5.064847840662979, 1] [2.9650903519751313, 13]
[(5, 4, 6), (4, 5, 6), (4, 7, 6), (4, 6, 7), (4, 5, 0), (4, 7, 3), (5, 6, 2), (5, 1, 0), (2, 6, 7), (4, 0, 3), (1, 5, 2), (3, 2, 7), (0, 1, 2), (0, 2, 3)] [5.06474067235587, 1] [2.9652734049710587, 13]
[(4, 5, 6), (5, 4, 6), (4, 6, 7), (4, 7, 6), (4, 5, 0), (5, 6, 2), (4, 7, 3), (5, 1, 0), (2, 6, 7), (1, 5, 2), (4, 0, 3), (3, 2, 7), (0, 1, 2), (0, 2, 3)] [5.0646126972756536, 1] [2.965491977908332, 13]
[(5, 4, 6), (4, 5, 6), (4, 7, 6), (4, 6, 7), (4, 5, 0), (4, 7, 3), (5, 6, 2), (5, 1, 0), (2, 6, 7), (4, 0, 3), (1, 5, 2), (3, 2, 7), (0, 1, 2), (0, 2, 3)] [5.064463917044521, 1] [2.9657460574699424, 13]
[(4, 5, 6), (5, 4, 6), (4, 6, 7), (4, 7, 6), (4, 5, 0), (5, 6, 2), (4, 7, 3), (5, 1, 0), (2, 6, 7), (1, 5, 2), (4, 0, 3), (3, 2, 7), (0, 1, 2), (0, 2, 3)] [5.064294333548492, 1] [2.9660356281799913, 13]
[(5, 4, 6), (4, 5, 6), (4, 7, 6), (4, 6, 7), (4, 5, 0), (4, 7, 3), (5, 6, 2), (5, 1, 0), (2, 6, 7), (4, 0, 3), (1, 5, 2), (3, 2, 7), (0, 1, 2), (0, 2, 3)] [5.0641039489374355, 1] [2.9663606724066303, 13]
[(4, 5, 6), (5, 4, 6), (4, 6, 7), (4, 7, 6), (4, 5, 0), (5, 6, 2), (4, 7, 3), (5, 1, 0), (2, 6, 7), (1, 5, 2), (4, 0, 3), (3, 2, 7), (0, 1, 2), (0, 2, 3)] [5.063892765625097, 1] [2.9667211703654, 13]
[(5, 4, 6), (4, 5, 6), (4, 7, 6), (4, 6, 7), (4, 5, 0), (4, 7, 3), (5, 6, 2), (5, 1, 0), (2, 6, 7), (4, 0, 3), (1, 5, 2), (3, 2, 7), (0, 1, 2), (0, 2, 3)] [5.06366078628913, 1] [2.9671171001229775, 13]
[(4, 5, 6), (5, 4, 6), (4, 6, 7), (4, 7, 6), (4, 5, 0), (5, 6, 2), (4, 7, 3), (5, 1, 0), (2, 6, 7), (1, 5, 2), (4, 0, 3), (3, 2, 7), (0, 1, 2), (0, 2, 3)] [5.063408013871129, 1] [2.967548437601327, 13]
[(5, 4, 6), (4, 5, 6), (4, 7, 6), (4, 6, 7), (4, 5, 0), (4, 7, 3), (5, 6, 2), (5, 1, 0), (2, 6, 7), (4, 0, 3), (1, 5, 2), (3, 2, 7), (0, 1, 2), (0, 2, 3)] [5.06313445157666, 1] [2.9680151565822497, 13]
[(4, 5, 6), (5, 4, 6), (4, 6, 7), (4, 7, 6), (4, 5, 0), (5, 6, 2), (4, 7, 3), (5, 1, 0), (2, 6, 7), (1, 5, 2), (4, 0, 3), (3, 2, 7), (0, 1, 2), (0, 2, 3)] [5.06284010287531, 1] [2.968517228712336, 13]
[(5, 4, 6), (4, 5, 6), (4, 7, 6), (4, 6, 7), (4, 5, 0), (4, 7, 3), (5, 6, 2), (5, 1, 0), (2, 6, 7), (4, 0, 3), (1, 5, 2), (3, 2, 7), (0, 1, 2), (0, 2, 3)] [5.06252497150072, 1] [2.9690546235083106, 13]
[(4, 5, 6), (5, 4, 6), (4, 6, 7), (4, 7, 6), (4, 5, 0), (5, 6, 2), (4, 7, 3), (5, 1, 0), (2, 6, 7), (1, 5, 2), (4, 0, 3), (3, 2, 7), (0, 1, 2), (0, 2, 3)] [5.062189061450639, 1] [2.9696273083627753, 13]
[(5, 4, 6), (4, 5, 6), (4, 7, 6), (4, 6, 7), (4, 5, 0), (4, 7, 3), (5, 6, 2), (5, 1, 0), (2, 6, 7), (4, 0, 3), (1, 5, 2), (3, 2, 7), (0, 1, 2), (0, 2, 3)] [5.061832376986966, 1] [2.970235248550344, 13]
[(4, 5, 6), (5, 4, 6), (4, 6, 7), (4, 7, 6), (4, 5, 0), (5, 6, 2), (4, 7, 3), (5, 1, 0), (2, 6, 7), (1, 5, 2), (4, 0, 3), (3, 2, 7), (0, 1, 2), (0, 2, 3)] [5.06145492263581, 1] [2.970878407234158, 13]
[(5, 4, 6), (4, 5, 6), (4, 7, 6), (4, 6, 7), (4, 5, 0), (4, 7, 3), (5, 6, 2), (5, 1, 0), (2, 6, 7), (4, 0, 3), (1, 5, 2), (3, 2, 7), (0, 1, 2), (0, 2, 3)] [5.061056703187541, 1] [2.971556745472801, 13]
[(4, 5, 6), (5, 4, 6), (4, 6, 7), (4, 7, 6), (4, 5, 0), (5, 6, 2), (4, 7, 3), (5, 1, 0), (2, 6, 7), (1, 5, 2), (4, 0, 3), (3, 2, 7), (0, 1, 2), (0, 2, 3)] [5.060637723696849, 1] [2.9722702222275856, 13]
[(5, 4, 6), (4, 5, 6), (4, 7, 6), (4, 6, 7), (4, 5, 0), (4, 7, 3), (5, 6, 2), (5, 1, 0), (2, 6, 7), (4, 0, 3), (1, 5, 2), (3, 2, 7), (0, 1, 2), (0, 2, 3)] [5.060197989482809, 1] [2.9730187943702244, 13]
[(4, 5, 6), (5, 4, 6), (4, 6, 7), (4, 7, 6), (4, 5, 0), (5, 6, 2), (4, 7, 3), (5, 1, 0), (2, 6, 7), (1, 5, 2), (4, 0, 3), (3, 2, 7), (0, 1, 2), (0, 2, 3)] [5.059737506128947, 1] [2.973802416690872, 13]
[(5, 4, 6), (4, 5, 6), (4, 7, 6), (4, 6, 7), (4, 5, 0), (4, 7, 3), (5, 6, 2), (5, 1, 0), (2, 6, 7), (4, 0, 3), (1, 5, 2), (3, 2, 7), (0, 1, 2), (0, 2, 3)] [5.059256279483306, 1] [2.9746210419065453, 13]
[(4, 5, 6), (5, 4, 6), (4, 6, 7), (4, 7, 6), (4, 5, 0), (5, 6, 2), (4, 7, 3), (5, 1, 0), (2, 6, 7), (1, 5, 2), (4, 0, 3), (3, 2, 7), (0, 1, 2), (0, 2, 3)] [5.058754315658519, 1] [2.97547462066991, 13]
[(5, 4, 6), (4, 5, 6), (4, 7, 6), (4, 6, 7), (4, 5, 0), (4, 7, 3), (5, 6, 2), (5, 1, 0), (2, 6, 7), (4, 0, 3), (1, 5, 2), (3, 2, 7), (0, 1, 2), (0, 2, 3)] [5.058231621031892, 1] [2.9763631015784227, 13]
[(4, 5, 6), (5, 4, 6), (4, 6, 7), (4, 7, 6), (4, 5, 0), (5, 6, 2), (4, 7, 3), (5, 1, 0), (2, 6, 7), (1, 5, 2), (4, 0, 3), (3, 2, 7), (0, 1, 2), (0, 2, 3)] [5.057688202245467, 1] [2.9772864311838485, 13]
[(5, 4, 6), (4, 5, 6), (4, 7, 6), (4, 6, 7), (4, 5, 0), (4, 7, 3), (5, 6, 2), (5, 1, 0), (2, 6, 7), (4, 0, 3), (1, 5, 2), (3, 2, 7), (0, 1, 2), (0, 2, 3)] [5.057124066206121, 1] [2.978244554002123, 13]
[(4, 5, 6), (5, 4, 6), (4, 5, 0), (4, 6, 7), (4, 7, 6), (5, 1, 0), (5, 6, 2), (4, 7, 3), (1, 5, 2), (4, 0, 3), (2, 6, 7), (0, 1, 2), (3, 2, 7), (0, 2, 3)] [5.056539220085645, 1] [2.9792374125235637, 13]
[(5, 4, 6), (4, 5, 6), (4, 5, 0), (4, 7, 6), (4, 6, 7), (5, 1, 0), (4, 7, 3), (5, 6, 2), (4, 0, 3), (1, 5, 2), (2, 6, 7), (0, 1, 2), (3, 2, 7), (0, 2, 3)] [5.055933671320827, 1] [2.9802649472234415, 13]
[(4, 5, 6), (5, 4, 6), (4, 5, 0), (4, 6, 7), (4, 7, 6), (5, 1, 0), (5, 6, 2), (4, 7, 3), (1, 5, 2), (4, 0, 3), (2, 6, 7), (0, 1, 2), (3, 2, 7), (0, 2, 3)] [5.055307427613555, 1] [2.9813270965728775, 13]
[(5, 4, 6), (4, 5, 6), (4, 5, 0), (4, 7, 6), (4, 6, 7), (5, 1, 0), (4, 7, 3), (5, 6, 2), (4, 0, 3), (1, 5, 2), (2, 6, 7), (0, 1, 2), (3, 2, 7), (0, 2, 3)] [5.054660496930905, 1] [2.9824237970500875, 13]
[(4, 5, 6), (5, 4, 6), (4, 5, 0), (4, 6, 7), (4, 7, 6), (5, 1, 0), (5, 6, 2), (4, 7, 3), (1, 5, 2), (4, 0, 3), (2, 6, 7), (0, 1, 2), (3, 2, 7), (0, 2, 3)] [5.053992887505242, 1] [2.983554983151956, 13]
[(5, 4, 6), (4, 5, 6), (4, 5, 0), (4, 7, 6), (4, 6, 7), (5, 1, 0), (4, 7, 3), (5, 6, 2), (4, 0, 3), (1, 5, 2), (2, 6, 7), (0, 1, 2), (3, 2, 7), (0, 2, 3)] [5.053304607834324, 1] [2.9847205874059353, 13]
[(4, 5, 6), (5, 4, 6), (4, 5, 0), (4, 6, 7), (4, 7, 6), (5, 1, 0), (5, 6, 2), (4, 7, 3), (1, 5, 2), (4, 0, 3), (2, 6, 7), (0, 1, 2), (3, 2, 7), (0, 2, 3)] [5.052595666681406, 1] [2.9859205403822657, 13]
[(5, 4, 6), (4, 5, 6), (4, 5, 0), (4, 7, 6), (4, 6, 7), (5, 1, 0), (4, 7, 3), (5, 6, 2), (4, 0, 3), (1, 5, 2), (2, 6, 7), (0, 1, 2), (3, 2, 7), (0, 2, 3)] [5.051866073075348, 1] [2.9871547707065167, 13]
[(4, 5, 6), (5, 4, 6), (4, 5, 0), (4, 6, 7), (4, 7, 6), (5, 1, 0), (5, 6, 2), (4, 7, 3), (1, 5, 2), (4, 0, 3), (2, 6, 7), (0, 1, 2), (3, 2, 7), (0, 2, 3)] [5.051115836310731, 1] [2.988423205072432, 13]
[(5, 4, 6), (4, 5, 6), (4, 5, 0), (4, 7, 6), (4, 6, 7), (5, 1, 0), (4, 7, 3), (5, 6, 2), (4, 0, 3), (1, 5, 2), (2, 6, 7), (0, 1, 2), (3, 2, 7), (0, 2, 3)] [5.050344965947968, 1] [2.9897257682550857, 13]
[(4, 5, 6), (5, 4, 6), (4, 5, 0), (4, 6, 7), (4, 7, 6), (5, 1, 0), (5, 6, 2), (4, 7, 3), (1, 5, 2), (4, 0, 3), (2, 6, 7), (0, 1, 2), (3, 2, 7), (0, 2, 3)] [5.049553471813426, 1] [2.9910623831243326, 13]
[(5, 4, 6), (4, 5, 6), (4, 5, 0), (4, 7, 6), (4, 6, 7), (5, 1, 0), (4, 7, 3), (5, 6, 2), (4, 0, 3), (1, 5, 2), (2, 6, 7), (0, 1, 2), (3, 2, 7), (0, 2, 3)] [5.048741363999551, 1] [2.992432970658557, 13]
[(4, 5, 6), (5, 4, 6), (4, 5, 0), (4, 6, 7), (4, 7, 6), (5, 1, 0), (5, 6, 2), (4, 7, 3), (1, 5, 2), (4, 0, 3), (2, 6, 7), (0, 1, 2), (3, 2, 7), (0, 2, 3)] [5.0479086528649875, 1] [2.9938374499587033, 13]
[(5, 4, 6), (4, 5, 6), (4, 5, 0), (4, 7, 6), (4, 6, 7), (5, 1, 0), (4, 7, 3), (5, 6, 2), (4, 0, 3), (1, 5, 2), (2, 6, 7), (0, 1, 2), (3, 2, 7), (0, 2, 3)] [5.047055349034712, 1] [2.995275738262597, 13]
[(4, 5, 6), (5, 4, 6), (4, 5, 0), (4, 6, 7), (4, 7, 6), (5, 1, 0), (5, 6, 2), (4, 7, 3), (1, 5, 2), (4, 0, 3), (2, 6, 7), (0, 1, 2), (3, 2, 7), (0, 2, 3)] [5.046181463400167, 1] [2.996747750959529, 13]
[(5, 4, 6), (4, 5, 6), (4, 5, 0), (4, 7, 6), (4, 6, 7), (5, 1, 0), (4, 7, 3), (5, 6, 2), (4, 0, 3), (1, 5, 2), (2, 6, 7), (0, 1, 2), (3, 2, 7), (0, 2, 3)] [5.045287007119395, 1] [2.9982534016051186, 13]
[(4, 5, 6), (5, 4, 6), (4, 5, 0), (4, 6, 7), (4, 7, 6), (5, 1, 0), (5, 6, 2), (4, 7, 3), (1, 5, 2), (4, 0, 3), (2, 6, 7), (0, 1, 2), (3, 2, 7), (0, 2, 3)] [5.044371991617177, 1] [2.999792601936441, 13]
[(5, 4, 6), (4, 5, 6), (4, 5, 0), (4, 7, 6), (4, 6, 7), (5, 1, 0), (4, 7, 3), (5, 6, 2), (4, 0, 3), (1, 5, 2), (2, 6, 7), (0, 1, 2), (3, 2, 7), (0, 2, 3)] [5.043436428585179, 1] [3.0013652618874005, 13]
[(4, 5, 6), (5, 4, 6), (4, 5, 0), (4, 6, 7), (4, 7, 6), (5, 1, 0), (5, 6, 2), (4, 7, 3), (1, 5, 2), (4, 0, 3), (2, 6, 7), (0, 1, 2), (3, 2, 7), (0, 2, 3)] [5.042480329982095, 1] [3.002971289604365, 13]
[(5, 4, 6), (4, 5, 6), (4, 5, 0), (4, 7, 6), (4, 6, 7), (5, 1, 0), (4, 7, 3), (5, 6, 2), (4, 0, 3), (1, 5, 2), (2, 6, 7), (0, 1, 2), (3, 2, 7), (0, 2, 3)] [5.041503708033802, 1] [3.0046105914620407, 13]
[(4, 5, 6), (5, 4, 6), (4, 5, 0), (4, 6, 7), (4, 7, 6), (5, 1, 0), (5, 6, 2), (4, 7, 3), (1, 5, 2), (4, 0, 3), (2, 6, 7), (0, 1, 2), (3, 2, 7), (0, 2, 3)] [5.040506575233505, 1] [3.0062830720795812, 13]
[(5, 4, 6), (4, 5, 6), (4, 5, 0), (4, 7, 6), (4, 6, 7), (5, 1, 0), (4, 7, 3), (5, 6, 2), (4, 0, 3), (1, 5, 2), (2, 6, 7), (0, 1, 2), (3, 2, 7), (0, 2, 3)] [5.039488944341905, 1] [3.007988634336931, 13]
[(4, 5, 6), (5, 4, 6), (4, 5, 0), (4, 6, 7), (4, 7, 6), (5, 1, 0), (5, 6, 2), (4, 7, 3), (1, 5, 2), (4, 0, 3), (2, 6, 7), (0, 1, 2), (3, 2, 7), (0, 2, 3)] [5.038450828387349, 1] [3.009727179391394, 13]
[(5, 4, 6), (4, 5, 6), (4, 5, 0), (4, 7, 6), (4, 6, 7), (5, 1, 0), (4, 7, 3), (5, 6, 2), (4, 0, 3), (1, 5, 2), (2, 6, 7), (0, 1, 2), (3, 2, 7), (0, 2, 3)] [5.037392240666001, 1] [3.0114986066944147, 13]
[(4, 5, 6), (5, 4, 6), (4, 5, 0), (4, 6, 7), (4, 7, 6), (5, 1, 0), (5, 6, 2), (4, 7, 3), (1, 5, 2), (4, 0, 3), (2, 6, 7), (0, 1, 2), (3, 2, 7), (0, 2, 3)] [5.036313194742009, 1] [3.0133028140085725, 13]
[(5, 4, 6), (4, 5, 6), (4, 5, 0), (4, 7, 6), (4, 6, 7), (5, 1, 0), (4, 7, 3), (5, 6, 2), (4, 0, 3), (1, 5, 2), (2, 6, 7), (0, 1, 2), (3, 2, 7), (0, 2, 3)] [5.035213704447669, 1] [3.015139697424786, 13]
[(4, 5, 6), (5, 4, 6), (4, 5, 0), (4, 6, 7), (4, 7, 6), (5, 1, 0), (5, 6, 2), (4, 7, 3), (1, 5, 2), (4, 0, 3), (2, 6, 7), (0, 1, 2), (3, 2, 7), (0, 2, 3)] [5.034093783883608, 1] [3.0170091513796997, 13]
[(5, 4, 6), (4, 5, 6), (4, 5, 0), (4, 7, 6), (4, 6, 7), (5, 1, 0), (4, 7, 3), (5, 6, 2), (4, 0, 3), (1, 5, 2), (2, 6, 7), (0, 1, 2), (3, 2, 7), (0, 2, 3)] [5.0329534474189614, 1] [3.0189110686732787, 13]
[(4, 5, 6), (5, 4, 6), (4, 5, 0), (4, 6, 7), (4, 7, 6), (5, 1, 0), (5, 6, 2), (4, 7, 3), (1, 5, 2), (4, 0, 3), (2, 6, 7), (0, 1, 2), (3, 2, 7), (0, 2, 3)] [5.031792709691546, 1] [3.0208453404865754, 13]
[(5, 4, 6), (4, 5, 6), (4, 5, 0), (4, 7, 6), (4, 6, 7), (5, 1, 0), (4, 7, 3), (5, 6, 2), (4, 0, 3), (1, 5, 2), (2, 6, 7), (0, 1, 2), (3, 2, 7), (0, 2, 3)] [5.030611585608057, 1] [3.0228118563996733, 13]
[(4, 5, 6), (5, 4, 6), (4, 5, 0), (4, 6, 7), (4, 7, 6), (5, 1, 0), (5, 6, 2), (4, 7, 3), (1, 5, 2), (4, 0, 3), (2, 6, 7), (0, 1, 2), (3, 2, 7), (0, 2, 3)] [5.029410090344246, 1] [3.0248105044098086, 13]
[(5, 4, 6), (4, 5, 6), (4, 5, 0), (4, 7, 6), (4, 6, 7), (5, 1, 0), (4, 7, 3), (5, 6, 2), (4, 0, 3), (1, 5, 2), (2, 6, 7), (0, 1, 2), (3, 2, 7), (0, 2, 3)] [5.028188239345125, 1] [3.0268411709496434, 13]
[(4, 5, 6), (5, 4, 6), (4, 5, 0), (4, 6, 7), (4, 7, 6), (5, 1, 0), (5, 6, 2), (4, 7, 3), (1, 5, 2), (4, 0, 3), (2, 6, 7), (0, 1, 2), (3, 2, 7), (0, 2, 3)] [5.026946048325152, 1] [3.028903740905707, 13]
[(5, 4, 6), (4, 5, 6), (4, 5, 0), (4, 7, 6), (4, 6, 7), (5, 1, 0), (4, 7, 3), (5, 6, 2), (4, 0, 3), (1, 5, 2), (2, 6, 7), (0, 1, 2), (3, 2, 7), (0, 2, 3)] [5.025683533268433, 1] [3.030998097636975, 13]
[(4, 5, 6), (5, 4, 6), (4, 5, 0), (4, 6, 7), (4, 7, 6), (5, 1, 0), (5, 6, 2), (4, 7, 3), (1, 5, 2), (4, 0, 3), (2, 6, 7), (0, 1, 2), (3, 2, 7), (0, 2, 3)] [5.024400710428931, 1] [3.0331241229935997, 13]
[(5, 4, 6), (4, 5, 6), (4, 5, 0), (4, 7, 6), (4, 6, 7), (5, 1, 0), (4, 7, 3), (5, 6, 2), (4, 0, 3), (1, 5, 2), (2, 6, 7), (0, 1, 2), (3, 2, 7), (0, 2, 3)] [5.023097596330668, 1] [3.035281697335769, 13]
[(4, 5, 6), (5, 4, 6), (4, 5, 0), (4, 6, 7), (4, 7, 6), (5, 1, 0), (5, 6, 2), (4, 7, 3), (1, 5, 2), (4, 0, 3), (2, 6, 7), (0, 1, 2), (3, 2, 7), (0, 2, 3)] [5.021774207767934, 1] [3.0374706995527014, 13]
[(5, 4, 6), (4, 5, 6), (4, 5, 0), (4, 7, 6), (4, 6, 7), (5, 1, 0), (4, 7, 3), (5, 6, 2), (4, 0, 3), (1, 5, 2), (2, 6, 7), (0, 1, 2), (3, 2, 7), (0, 2, 3)] [5.020430561805508, 1] [3.039691007081752, 13]
[(4, 5, 6), (5, 4, 6), (4, 5, 0), (4, 6, 7), (4, 7, 6), (5, 1, 0), (5, 6, 2), (4, 7, 3), (1, 5, 2), (4, 0, 3), (2, 6, 7), (0, 1, 2), (3, 2, 7), (0, 2, 3)] [5.019066675778867, 1] [3.0419424959276458, 13]
[(5, 4, 6), (4, 5, 6), (4, 5, 0), (4, 7, 6), (4, 6, 7), (5, 1, 0), (4, 7, 3), (5, 6, 2), (4, 0, 3), (1, 5, 2), (2, 6, 7), (0, 1, 2), (3, 2, 7), (0, 2, 3)] [5.0176825672944165, 1] [3.0442250406818077, 13]
[(4, 5, 6), (5, 4, 6), (4, 5, 0), (4, 6, 7), (4, 7, 6), (5, 1, 0), (5, 6, 2), (4, 7, 3), (1, 5, 2), (4, 0, 3), (2, 6, 7), (0, 1, 2), (3, 2, 7), (0, 2, 3)] [5.016278254229711, 1] [3.0465385145418016, 13]
[(5, 4, 6), (4, 5, 6), (4, 5, 0), (4, 7, 6), (4, 6, 7), (5, 1, 0), (4, 7, 3), (5, 6, 2), (4, 0, 3), (1, 5, 2), (2, 6, 7), (0, 1, 2), (3, 2, 7), (0, 2, 3)] [5.014853754733681, 1] [3.0488827893308628, 13]
[(4, 5, 6), (5, 4, 6), (4, 5, 0), (4, 6, 7), (4, 7, 6), (5, 1, 0), (5, 6, 2), (4, 7, 3), (1, 5, 2), (4, 0, 3), (2, 6, 7), (0, 1, 2), (3, 2, 7), (0, 2, 3)] [5.013409087226873, 1] [3.051257735517512, 13]
[(5, 4, 6), (4, 5, 6), (4, 5, 0), (4, 7, 6), (4, 6, 7), (5, 1, 0), (4, 7, 3), (5, 6, 2), (4, 0, 3), (1, 5, 2), (2, 6, 7), (0, 1, 2), (3, 2, 7), (0, 2, 3)] [5.011944270401679, 1] [3.0536632222352584, 13]
[(4, 5, 6), (5, 4, 6), (4, 5, 0), (4, 6, 7), (4, 7, 6), (5, 1, 0), (5, 6, 2), (4, 7, 3), (1, 5, 2), (4, 0, 3), (2, 6, 7), (0, 1, 2), (3, 2, 7), (0, 2, 3)] [5.010459323222581, 1] [3.0560991173023746, 13]
[(5, 4, 6), (4, 5, 6), (4, 5, 0), (4, 7, 6), (4, 6, 7), (5, 1, 0), (4, 7, 3), (5, 6, 2), (4, 0, 3), (1, 5, 2), (2, 6, 7), (0, 1, 2), (3, 2, 7), (0, 2, 3)] [5.008954264926394, 1] [3.0585652872417364, 13]
[(4, 5, 6), (5, 4, 6), (4, 5, 0), (4, 6, 7), (4, 7, 6), (5, 1, 0), (5, 6, 2), (4, 7, 3), (1, 5, 2), (4, 0, 3), (2, 6, 7), (0, 1, 2), (3, 2, 7), (0, 2, 3)] [5.007429115022513, 1] [3.0610615973007285, 13]
[(5, 4, 6), (4, 5, 6), (4, 5, 0), (4, 7, 6), (4, 6, 7), (5, 1, 0), (4, 7, 3), (5, 6, 2), (4, 0, 3), (1, 5, 2), (2, 6, 7), (0, 1, 2), (3, 2, 7), (0, 2, 3)] [5.005883893293168, 1] [3.0635879114712012, 13]
[(4, 5, 6), (5, 4, 6), (4, 5, 0), (4, 6, 7), (4, 7, 6), (5, 1, 0), (5, 6, 2), (4, 7, 3), (1, 5, 2), (4, 0, 3), (2, 6, 7), (0, 1, 2), (3, 2, 7), (0, 2, 3)] [5.004318619793674, 1] [3.0661440925094796, 13]
[(5, 4, 6), (4, 5, 6), (4, 5, 0), (4, 7, 6), (4, 6, 7), (5, 1, 0), (4, 7, 3), (5, 6, 2), (4, 0, 3), (1, 5, 2), (2, 6, 7), (0, 1, 2), (3, 2, 7), (0, 2, 3)] [5.002733314852696, 1] [3.0687300019564114, 13]
[(4, 5, 6), (5, 4, 6), (4, 5, 0), (4, 6, 7), (4, 7, 6), (5, 1, 0), (5, 6, 2), (4, 7, 3), (1, 5, 2), (4, 0, 3), (2, 6, 7), (0, 1, 2), (3, 2, 7), (0, 2, 3)] [5.00112799907251, 1] [3.0713455001574523, 13]
[(5, 4, 6), (4, 5, 6), (4, 5, 0), (4, 7, 6), (4, 6, 7), (5, 1, 0), (4, 7, 3), (5, 6, 2), (4, 0, 3), (1, 5, 2), (2, 6, 7), (0, 1, 2), (3, 2, 7), (0, 2, 3)] [4.999502693329271, 1] [3.07399044628278, 13]
[(4, 5, 6), (5, 4, 6), (4, 5, 0), (4, 6, 7), (4, 7, 6), (5, 1, 0), (5, 6, 2), (4, 7, 3), (1, 5, 2), (4, 0, 3), (2, 6, 7), (0, 1, 2), (3, 2, 7), (0, 2, 3)] [4.9978574187732825, 1] [3.076664698347434, 13]
[(5, 4, 6), (4, 5, 6), (4, 5, 0), (4, 7, 6), (4, 6, 7), (5, 1, 0), (4, 7, 3), (5, 6, 2), (4, 0, 3), (1, 5, 2), (2, 6, 7), (0, 1, 2), (3, 2, 7), (0, 2, 3)] [4.996192196829272, 1] [3.0793681132314688, 13]
[(4, 5, 6), (5, 4, 6), (4, 5, 0), (4, 6, 7), (4, 7, 6), (5, 1, 0), (5, 6, 2), (4, 7, 3), (1, 5, 2), (4, 0, 3), (2, 6, 7), (0, 1, 2), (3, 2, 7), (0, 2, 3)] [4.994507049196673, 1] [3.082100546700122, 13]
[(5, 4, 6), (4, 5, 6), (4, 5, 0), (4, 7, 6), (4, 6, 7), (5, 1, 0), (4, 7, 3), (5, 6, 2), (4, 0, 3), (1, 5, 2), (2, 6, 7), (0, 1, 2), (3, 2, 7), (0, 2, 3)] [4.992801997849901, 1] [3.084861853423986, 13]
[(4, 5, 6), (5, 4, 6), (4, 5, 0), (4, 6, 7), (4, 7, 6), (5, 1, 0), (5, 6, 2), (4, 7, 3), (1, 5, 2), (4, 0, 3), (2, 6, 7), (0, 1, 2), (3, 2, 7), (0, 2, 3)] [4.9910770650386524, 1] [3.0876518869991787, 13]
[(5, 4, 6), (4, 5, 6), (4, 5, 0), (4, 7, 6), (4, 6, 7), (5, 1, 0), (4, 7, 3), (5, 6, 2), (4, 0, 3), (1, 5, 2), (2, 6, 7), (0, 1, 2), (3, 2, 7), (0, 2, 3)] [4.989332273288181, 1] [3.0904704999675103, 13]
[(4, 5, 6), (5, 4, 6), (4, 5, 0), (4, 6, 7), (4, 7, 6), (5, 1, 0), (5, 6, 2), (4, 7, 3), (1, 5, 2), (4, 0, 3), (2, 6, 7), (0, 1, 2), (3, 2, 7), (0, 2, 3)] [4.987567645399602, 1] [3.0933175438366356, 13]
[(5, 4, 6), (4, 5, 6), (4, 5, 0), (4, 7, 6), (4, 6, 7), (5, 1, 0), (4, 7, 3), (5, 6, 2), (4, 0, 3), (1, 5, 2), (2, 6, 7), (0, 1, 2), (3, 2, 7), (0, 2, 3)] [4.985783204450189, 1] [3.096192869100187, 13]
[(4, 5, 6), (5, 4, 6), (4, 5, 0), (4, 6, 7), (4, 7, 6), (5, 1, 0), (5, 6, 2), (4, 7, 3), (1, 5, 2), (4, 0, 3), (2, 6, 7), (0, 1, 2), (3, 2, 7), (0, 2, 3)] [4.983978973793676, 1] [3.0990963252578925, 13]
[(5, 4, 6), (4, 5, 6), (4, 5, 0), (4, 7, 6), (4, 6, 7), (5, 1, 0), (4, 7, 3), (5, 6, 2), (4, 0, 3), (1, 5, 2), (2, 6, 7), (0, 1, 2), (3, 2, 7), (0, 2, 3)] [4.982154977060567, 1] [3.102027760835654, 13]
[(4, 5, 6), (5, 4, 6), (4, 5, 0), (4, 6, 7), (4, 7, 6), (5, 1, 0), (5, 6, 2), (4, 7, 3), (1, 5, 2), (4, 0, 3), (2, 6, 7), (0, 1, 2), (3, 2, 7), (0, 2, 3)] [4.980311238158442, 1] [3.1049870234056, 13]
[(5, 4, 6), (4, 5, 6), (4, 5, 0), (4, 7, 6), (4, 6, 7), (5, 1, 0), (4, 7, 3), (5, 6, 2), (4, 0, 3), (1, 5, 2), (2, 6, 7), (0, 1, 2), (3, 2, 7), (0, 2, 3)] [4.978447781272277, 1] [3.107973959606094, 13]
[(4, 5, 6), (5, 4, 6), (4, 5, 0), (4, 6, 7), (4, 7, 6), (5, 1, 0), (5, 6, 2), (4, 7, 3), (1, 5, 2), (4, 0, 3), (2, 6, 7), (0, 1, 2), (3, 2, 7), (0, 2, 3)] [4.976564630864761, 1] [3.110988415161702, 13]
[(4, 5, 0), (5, 4, 6), (4, 5, 6), (5, 1, 0), (4, 7, 6), (4, 6, 7), (4, 0, 3), (1, 5, 2), (4, 7, 3), (5, 6, 2), (0, 1, 2), (2, 6, 7), (0, 2, 3), (3, 2, 7)] [4.978149178490172, 2] [3.108452219536608, 12]
[(4, 5, 0), (4, 5, 6), (5, 4, 6), (5, 1, 0), (4, 6, 7), (4, 7, 6), (1, 5, 2), (4, 0, 3), (5, 6, 2), (4, 7, 3), (0, 1, 2), (2, 6, 7), (0, 2, 3), (3, 2, 7)] [4.98001577351705, 0] [3.1054608901040472, 13]
[(4, 5, 0), (5, 4, 6), (4, 5, 6), (5, 1, 0), (4, 7, 6), (4, 6, 7), (4, 0, 3), (1, 5, 2), (4, 7, 3), (5, 6, 2), (0, 1, 2), (2, 6, 7), (0, 2, 3), (3, 2, 7)] [4.981862654437345, 0] [3.102497209791966, 13]
[(4, 5, 0), (4, 5, 6), (5, 4, 6), (5, 1, 0), (4, 6, 7), (4, 7, 6), (1, 5, 2), (4, 0, 3), (5, 6, 2), (4, 7, 3), (0, 1, 2), (2, 6, 7), (0, 2, 3), (3, 2, 7)] [4.983689797021874, 0] [3.0995613321088706, 13]
[(4, 5, 0), (5, 4, 6), (4, 5, 6), (5, 1, 0), (4, 7, 6), (4, 6, 7), (4, 0, 3), (1, 5, 2), (4, 7, 3), (5, 6, 2), (0, 1, 2), (2, 6, 7), (0, 2, 3), (3, 2, 7)] [4.985497177318897, 0] [3.096653409632689, 13]
[(4, 5, 0), (4, 5, 6), (5, 4, 6), (5, 1, 0), (4, 6, 7), (4, 7, 6), (1, 5, 2), (4, 0, 3), (5, 6, 2), (4, 7, 3), (0, 1, 2), (2, 6, 7), (0, 2, 3), (3, 2, 7)] [4.987284771653803, 0] [3.0937735939907625, 13]
[(4, 5, 0), (5, 4, 6), (4, 5, 6), (5, 1, 0), (4, 7, 6), (4, 6, 7), (4, 0, 3), (1, 5, 2), (4, 7, 3), (5, 6, 2), (0, 1, 2), (2, 6, 7), (0, 2, 3), (3, 2, 7)] [4.989052556628799, 0] [3.0909220358398057, 13]
[(4, 5, 0), (4, 5, 6), (5, 4, 6), (5, 1, 0), (4, 6, 7), (4, 7, 6), (1, 5, 2), (4, 0, 3), (5, 6, 2), (4, 7, 3), (0, 1, 2), (2, 6, 7), (0, 2, 3), (3, 2, 7)] [4.990800509122601, 0] [3.088098884845824, 13]
[(4, 5, 0), (5, 4, 6), (4, 5, 6), (5, 1, 0), (4, 7, 6), (4, 6, 7), (4, 0, 3), (1, 5, 2), (4, 7, 3), (5, 6, 2), (0, 1, 2), (2, 6, 7), (0, 2, 3), (3, 2, 7)] [4.992528606290133, 0] [3.0853042896640104, 13]
[(4, 5, 0), (4, 5, 6), (5, 4, 6), (5, 1, 0), (4, 6, 7), (4, 7, 6), (1, 5, 2), (4, 0, 3), (5, 6, 2), (4, 7, 3), (0, 1, 2), (2, 6, 7), (0, 2, 3), (3, 2, 7)] [4.994236825562222, 0] [3.0825383979186087, 13]
[(4, 5, 0), (5, 4, 6), (4, 5, 6), (5, 1, 0), (4, 7, 6), (4, 6, 7), (4, 0, 3), (1, 5, 2), (4, 7, 3), (5, 6, 2), (0, 1, 2), (2, 6, 7), (0, 2, 3), (3, 2, 7)] [4.995925144645309, 0] [3.0798013561827644, 13]
[(4, 5, 0), (4, 5, 6), (5, 4, 6), (5, 1, 0), (4, 6, 7), (4, 7, 6), (1, 5, 2), (4, 0, 3), (5, 6, 2), (4, 7, 3), (0, 1, 2), (2, 6, 7), (0, 2, 3), (3, 2, 7)] [4.997593541521152, 0] [3.0770933099583635, 13]
[(4, 5, 0), (5, 4, 6), (4, 5, 6), (5, 1, 0), (4, 7, 6), (4, 6, 7), (4, 0, 3), (1, 5, 2), (4, 7, 3), (5, 6, 2), (0, 1, 2), (2, 6, 7), (0, 2, 3), (3, 2, 7)] [4.9992419944465425, 0] [3.074414403655857, 13]
[(4, 5, 0), (4, 5, 6), (5, 4, 6), (5, 1, 0), (4, 6, 7), (4, 7, 6), (1, 5, 2), (4, 0, 3), (5, 6, 2), (4, 7, 3), (0, 1, 2), (2, 6, 7), (0, 2, 3), (3, 2, 7)] [5.0008704819530205, 0] [3.0717647805740924, 13]
[(4, 5, 0), (5, 4, 6), (4, 5, 6), (5, 1, 0), (4, 7, 6), (4, 6, 7), (4, 0, 3), (1, 5, 2), (4, 7, 3), (5, 6, 2), (0, 1, 2), (2, 6, 7), (0, 2, 3), (3, 2, 7)] [5.002478982846594, 0] [3.0691445828801447, 13]
[(4, 5, 0), (4, 5, 6), (5, 4, 6), (5, 1, 0), (4, 6, 7), (4, 7, 6), (1, 5, 2), (4, 0, 3), (5, 6, 2), (4, 7, 3), (0, 1, 2), (2, 6, 7), (0, 2, 3), (3, 2, 7)] [5.004067476207466, 0] [3.066553951589158, 13]
[(4, 5, 0), (5, 4, 6), (4, 5, 6), (5, 1, 0), (4, 7, 6), (4, 6, 7), (4, 0, 3), (1, 5, 2), (4, 7, 3), (5, 6, 2), (0, 1, 2), (2, 6, 7), (0, 2, 3), (3, 2, 7)] [5.005635941389758, 0] [3.0639930265442046, 13]
[(4, 5, 0), (4, 5, 6), (5, 4, 6), (5, 1, 0), (4, 6, 7), (4, 7, 6), (1, 5, 2), (4, 0, 3), (5, 6, 2), (4, 7, 3), (0, 1, 2), (2, 6, 7), (0, 2, 3), (3, 2, 7)] [5.007184358021245, 0] [3.061461946396167, 13]
[(4, 5, 0), (5, 4, 6), (4, 5, 6), (5, 1, 0), (4, 7, 6), (4, 6, 7), (4, 0, 3), (1, 5, 2), (4, 7, 3), (5, 6, 2), (0, 1, 2), (2, 6, 7), (0, 2, 3), (3, 2, 7)] [5.008712706003095, 0] [3.058960848583648, 13]
[(4, 5, 0), (4, 5, 6), (5, 4, 6), (5, 1, 0), (4, 6, 7), (4, 7, 6), (1, 5, 2), (4, 0, 3), (5, 6, 2), (4, 7, 3), (0, 1, 2), (2, 6, 7), (0, 2, 3), (3, 2, 7)] [5.010220965509602, 0] [3.0564898693129123, 13]
[(4, 5, 0), (5, 4, 6), (4, 5, 6), (5, 1, 0), (4, 7, 6), (4, 6, 7), (4, 0, 3), (1, 5, 2), (4, 7, 3), (5, 6, 2), (0, 1, 2), (2, 6, 7), (0, 2, 3), (3, 2, 7)] [5.011709116987936, 0] [3.0540491435378776, 13]
[(4, 5, 0), (4, 5, 6), (5, 4, 6), (5, 1, 0), (4, 6, 7), (4, 7, 6), (1, 5, 2), (4, 0, 3), (5, 6, 2), (4, 7, 3), (0, 1, 2), (2, 6, 7), (0, 2, 3), (3, 2, 7)] [5.013177141157884, 0] [3.0516388049401426, 13]
[(4, 5, 0), (5, 4, 6), (4, 5, 6), (5, 1, 0), (4, 7, 6), (4, 6, 7), (4, 0, 3), (1, 5, 2), (4, 7, 3), (5, 6, 2), (0, 1, 2), (2, 6, 7), (0, 2, 3), (3, 2, 7)] [5.01462501901161, 0] [3.0492589859090775, 13]
[(4, 5, 0), (4, 5, 6), (5, 4, 6), (5, 1, 0), (4, 6, 7), (4, 7, 6), (1, 5, 2), (4, 0, 3), (5, 6, 2), (4, 7, 3), (0, 1, 2), (2, 6, 7), (0, 2, 3), (3, 2, 7)] [5.0160527318134, 0] [3.04690981752197, 13]
[(4, 5, 0), (5, 4, 6), (4, 5, 6), (5, 1, 0), (4, 7, 6), (4, 6, 7), (4, 0, 3), (1, 5, 2), (4, 7, 3), (5, 6, 2), (0, 1, 2), (2, 6, 7), (0, 2, 3), (3, 2, 7)] [5.017460261099432, 0] [3.044591429524241, 13]
[(4, 5, 0), (4, 5, 6), (5, 4, 6), (5, 1, 0), (4, 6, 7), (4, 7, 6), (1, 5, 2), (4, 0, 3), (5, 6, 2), (4, 7, 3), (0, 1, 2), (2, 6, 7), (0, 2, 3), (3, 2, 7)] [5.018847588677529, 0] [3.0423039503097304, 13]
[(4, 5, 0), (5, 4, 6), (4, 5, 6), (5, 1, 0), (4, 7, 6), (4, 6, 7), (4, 0, 3), (1, 5, 2), (4, 7, 3), (5, 6, 2), (0, 1, 2), (2, 6, 7), (0, 2, 3), (3, 2, 7)] [5.020214696626932, 0] [3.040047506901068, 13]
[(4, 5, 0), (4, 5, 6), (5, 4, 6), (5, 1, 0), (4, 6, 7), (4, 7, 6), (1, 5, 2), (4, 0, 3), (5, 6, 2), (4, 7, 3), (0, 1, 2), (2, 6, 7), (0, 2, 3), (3, 2, 7)] [5.021561567298067, 0] [3.037822224930125, 13]
[(4, 5, 0), (5, 4, 6), (4, 5, 6), (5, 1, 0), (4, 7, 6), (4, 6, 7), (4, 0, 3), (1, 5, 2), (4, 7, 3), (5, 6, 2), (0, 1, 2), (2, 6, 7), (0, 2, 3), (3, 2, 7)] [5.022888183312322, 0] [3.0356282286185645, 13]
[(4, 5, 0), (4, 5, 6), (5, 4, 6), (5, 1, 0), (4, 6, 7), (4, 7, 6), (1, 5, 2), (4, 0, 3), (5, 6, 2), (4, 7, 3), (0, 1, 2), (2, 6, 7), (0, 2, 3), (3, 2, 7)] [5.02419452756182, 0] [3.033465640758488, 13]
[(4, 5, 0), (5, 4, 6), (4, 5, 6), (5, 1, 0), (4, 7, 6), (4, 6, 7), (4, 0, 3), (1, 5, 2), (4, 7, 3), (5, 6, 2), (0, 1, 2), (2, 6, 7), (0, 2, 3), (3, 2, 7)] [5.0254805832092035, 0] [3.031334582693194, 13]
[(4, 5, 0), (4, 5, 6), (5, 4, 6), (5, 1, 0), (4, 6, 7), (4, 7, 6), (1, 5, 2), (4, 0, 3), (5, 6, 2), (4, 7, 3), (0, 1, 2), (2, 6, 7), (0, 2, 3), (3, 2, 7)] [5.0267463336874245, 0] [3.029235174298041, 13]
[(4, 5, 0), (5, 4, 6), (4, 5, 6), (5, 1, 0), (4, 7, 6), (4, 6, 7), (4, 0, 3), (1, 5, 2), (4, 7, 3), (5, 6, 2), (0, 1, 2), (2, 6, 7), (0, 2, 3), (3, 2, 7)] [5.02799176269952, 0] [3.027167533961445, 13]
[(4, 5, 0), (4, 5, 6), (5, 4, 6), (5, 1, 0), (4, 6, 7), (4, 7, 6), (1, 5, 2), (4, 0, 3), (5, 6, 2), (4, 7, 3), (0, 1, 2), (2, 6, 7), (0, 2, 3), (3, 2, 7)] [5.0292168542184195, 0] [3.025131778565989, 13]
[(4, 5, 0), (5, 4, 6), (4, 5, 6), (5, 1, 0), (4, 7, 6), (4, 6, 7), (4, 0, 3), (1, 5, 2), (4, 7, 3), (5, 6, 2), (0, 1, 2), (2, 6, 7), (0, 2, 3), (3, 2, 7)] [5.030421592486732, 0] [3.02312802346968, 13]
[(4, 5, 0), (4, 5, 6), (5, 4, 6), (5, 1, 0), (4, 6, 7), (4, 7, 6), (1, 5, 2), (4, 0, 3), (5, 6, 2), (4, 7, 3), (0, 1, 2), (2, 6, 7), (0, 2, 3), (3, 2, 7)] [5.031605962016548, 0] [3.0211563824873364, 13]
[(4, 5, 0), (5, 4, 6), (4, 5, 6), (5, 1, 0), (4, 7, 6), (4, 6, 7), (4, 0, 3), (1, 5, 2), (4, 7, 3), (5, 6, 2), (0, 1, 2), (2, 6, 7), (0, 2, 3), (3, 2, 7)] [5.032769947589243, 0] [3.019216967872136, 13]
[(4, 5, 0), (4, 5, 6), (5, 4, 6), (5, 1, 0), (4, 6, 7), (4, 7, 6), (1, 5, 2), (4, 0, 3), (5, 6, 2), (4, 7, 3), (0, 1, 2), (2, 6, 7), (0, 2, 3), (3, 2, 7)] [5.033913534255283, 0] [3.017309890297303, 13]
[(4, 5, 0), (5, 4, 6), (4, 5, 6), (5, 1, 0), (4, 7, 6), (4, 6, 7), (4, 0, 3), (1, 5, 2), (4, 7, 3), (5, 6, 2), (0, 1, 2), (2, 6, 7), (0, 2, 3), (3, 2, 7)] [5.035036707334041, 0] [3.0154352588379707, 13]
[(4, 5, 0), (4, 5, 6), (5, 4, 6), (5, 1, 0), (4, 6, 7), (4, 7, 6), (1, 5, 2), (4, 0, 3), (5, 6, 2), (4, 7, 3), (0, 1, 2), (2, 6, 7), (0, 2, 3), (3, 2, 7)] [5.036139452413603, 0] [3.013593180953205, 13]
[(4, 5, 0), (5, 4, 6), (4, 5, 6), (5, 1, 0), (4, 7, 6), (4, 6, 7), (4, 0, 3), (1, 5, 2), (4, 7, 3), (5, 6, 2), (0, 1, 2), (2, 6, 7), (0, 2, 3), (3, 2, 7)] [5.03722175535059, 0] [3.0117837624682093, 13]
[(4, 5, 0), (4, 5, 6), (5, 4, 6), (5, 1, 0), (4, 6, 7), (4, 7, 6), (1, 5, 2), (4, 0, 3), (5, 6, 2), (4, 7, 3), (0, 1, 2), (2, 6, 7), (0, 2, 3), (3, 2, 7)] [5.0382836022699795, 0] [3.0100071075567043, 13]
[(4, 5, 0), (5, 4, 6), (4, 5, 6), (5, 1, 0), (4, 7, 6), (4, 6, 7), (4, 0, 3), (1, 5, 2), (4, 7, 3), (5, 6, 2), (0, 1, 2), (2, 6, 7), (0, 2, 3), (3, 2, 7)] [5.039324979564931, 0] [3.0082633187235035, 13]
[(4, 5, 0), (4, 5, 6), (5, 4, 6), (5, 1, 0), (4, 6, 7), (4, 7, 6), (1, 5, 2), (4, 0, 3), (5, 6, 2), (4, 7, 3), (0, 1, 2), (2, 6, 7), (0, 2, 3), (3, 2, 7)] [5.0403458738966105, 0] [3.0065524967872843, 13]
[(4, 5, 0), (5, 4, 6), (4, 5, 6), (5, 1, 0), (4, 7, 6), (4, 6, 7), (4, 0, 3), (1, 5, 2), (4, 7, 3), (5, 6, 2), (0, 1, 2), (2, 6, 7), (0, 2, 3), (3, 2, 7)] [5.041346272194027, 0] [3.0048747408635563, 13]
[(4, 5, 0), (4, 5, 6), (5, 4, 6), (5, 1, 0), (4, 6, 7), (4, 7, 6), (1, 5, 2), (4, 0, 3), (5, 6, 2), (4, 7, 3), (0, 1, 2), (2, 6, 7), (0, 2, 3), (3, 2, 7)] [5.042326161653866, 0] [3.0032301483478463, 13]
[(4, 5, 0), (5, 4, 6), (4, 5, 6), (5, 1, 0), (4, 7, 6), (4, 6, 7), (4, 0, 3), (1, 5, 2), (4, 7, 3), (5, 6, 2), (0, 1, 2), (2, 6, 7), (0, 2, 3), (3, 2, 7)] [5.043285529740328, 0] [3.0016188148990968, 13]
[(4, 5, 0), (4, 5, 6), (5, 4, 6), (5, 1, 0), (4, 6, 7), (4, 7, 6), (1, 5, 2), (4, 0, 3), (5, 6, 2), (4, 7, 3), (0, 1, 2), (2, 6, 7), (0, 2, 3), (3, 2, 7)] [5.044224364184972, 0] [3.0000408344232845, 13]
[(4, 5, 0), (5, 4, 6), (4, 5, 6), (5, 1, 0), (4, 7, 6), (4, 6, 7), (4, 0, 3), (1, 5, 2), (4, 7, 3), (5, 6, 2), (0, 1, 2), (2, 6, 7), (0, 2, 3), (3, 2, 7)] [5.045142652986559, 0] [2.9984962990572765, 13]
[(4, 5, 0), (4, 5, 6), (5, 4, 6), (5, 1, 0), (4, 6, 7), (4, 7, 6), (1, 5, 2), (4, 0, 3), (5, 6, 2), (4, 7, 3), (0, 1, 2), (2, 6, 7), (0, 2, 3), (3, 2, 7)] [5.046040384410907, 0] [2.9969852991529113, 13]
[(4, 5, 0), (5, 4, 6), (4, 5, 6), (5, 1, 0), (4, 7, 6), (4, 6, 7), (4, 0, 3), (1, 5, 2), (4, 7, 3), (5, 6, 2), (0, 1, 2), (2, 6, 7), (0, 2, 3), (3, 2, 7)] [5.046917546990737, 0] [2.995507923261336, 13]
[(4, 5, 0), (4, 5, 6), (5, 4, 6), (5, 1, 0), (4, 6, 7), (4, 7, 6), (1, 5, 2), (4, 0, 3), (5, 6, 2), (4, 7, 3), (0, 1, 2), (2, 6, 7), (0, 2, 3), (3, 2, 7)] [5.047774129525536, 0] [2.994064258117579, 13]
[(4, 5, 0), (5, 4, 6), (4, 5, 6), (5, 1, 0), (4, 7, 6), (4, 6, 7), (4, 0, 3), (1, 5, 2), (4, 7, 3), (5, 6, 2), (0, 1, 2), (2, 6, 7), (0, 2, 3), (3, 2, 7)] [5.048610121081407, 0] [2.9926543886253922, 13]
[(4, 5, 0), (4, 5, 6), (5, 4, 6), (5, 1, 0), (4, 6, 7), (4, 7, 6), (1, 5, 2), (4, 0, 3), (5, 6, 2), (4, 7, 3), (0, 1, 2), (2, 6, 7), (0, 2, 3), (3, 2, 7)] [5.049425510990948, 0] [2.991278397842341, 13]
[(4, 5, 0), (5, 4, 6), (4, 5, 6), (5, 1, 0), (4, 7, 6), (4, 6, 7), (4, 0, 3), (1, 5, 2), (4, 7, 3), (5, 6, 2), (0, 1, 2), (2, 6, 7), (0, 2, 3), (3, 2, 7)] [5.050220288853102, 0] [2.989936366965179, 13]
[(4, 5, 0), (4, 5, 6), (5, 4, 6), (5, 1, 0), (4, 6, 7), (4, 7, 6), (1, 5, 2), (4, 0, 3), (5, 6, 2), (4, 7, 3), (0, 1, 2), (2, 6, 7), (0, 2, 3), (3, 2, 7)] [5.050994444533038, 0] [2.9886283753154768, 13]
[(4, 5, 0), (5, 4, 6), (4, 5, 6), (5, 1, 0), (4, 7, 6), (4, 6, 7), (4, 0, 3), (1, 5, 2), (4, 7, 3), (5, 6, 2), (0, 1, 2), (2, 6, 7), (0, 2, 3), (3, 2, 7)] [5.05174796816202, 0] [2.9873545003255555, 13]
[(4, 5, 0), (4, 5, 6), (5, 4, 6), (5, 1, 0), (4, 6, 7), (4, 7, 6), (1, 5, 2), (4, 0, 3), (5, 6, 2), (4, 7, 3), (0, 1, 2), (2, 6, 7), (0, 2, 3), (3, 2, 7)] [5.052480850137282, 0] [2.9861148175246846, 13]
[(4, 5, 0), (5, 4, 6), (4, 5, 6), (5, 1, 0), (4, 7, 6), (4, 6, 7), (4, 0, 3), (1, 5, 2), (4, 7, 3), (5, 6, 2), (0, 1, 2), (2, 6, 7), (0, 2, 3), (3, 2, 7)] [5.053193081121919, 0] [2.9849094005255843, 13]
[(4, 5, 0), (4, 5, 6), (5, 4, 6), (5, 1, 0), (4, 6, 7), (4, 7, 6), (1, 5, 2), (4, 0, 3), (5, 6, 2), (4, 7, 3), (0, 1, 2), (2, 6, 7), (0, 2, 3), (3, 2, 7)] [5.053884652044754, 0] [2.98373832101123, 13]
[(4, 5, 0), (5, 4, 6), (4, 5, 6), (5, 1, 0), (4, 7, 6), (4, 6, 7), (4, 0, 3), (1, 5, 2), (4, 7, 3), (5, 6, 2), (0, 1, 2), (2, 6, 7), (0, 2, 3), (3, 2, 7)] [5.05455555410024, 0] [2.982601648721944, 13]
[(4, 5, 0), (4, 5, 6), (5, 4, 6), (5, 1, 0), (4, 6, 7), (4, 7, 6), (1, 5, 2), (4, 0, 3), (5, 6, 2), (4, 7, 3), (0, 1, 2), (2, 6, 7), (0, 2, 3), (3, 2, 7)] [5.055205778748341, 0] [2.9814994514428177, 13]
[(4, 5, 0), (5, 4, 6), (4, 5, 6), (5, 1, 0), (4, 7, 6), (4, 6, 7), (4, 0, 3), (1, 5, 2), (4, 7, 3), (5, 6, 2), (0, 1, 2), (2, 6, 7), (0, 2, 3), (3, 2, 7)] [5.05583531771443, 0] [2.980431794991435, 13]
[(4, 5, 0), (4, 5, 6), (5, 4, 6), (5, 1, 0), (4, 6, 7), (4, 7, 6), (1, 5, 2), (4, 0, 3), (5, 6, 2), (4, 7, 3), (0, 1, 2), (2, 6, 7), (0, 2, 3), (3, 2, 7)] [5.056444162989187, 0] [2.9793987432059206, 13]
[(4, 5, 0), (5, 1, 0), (5, 4, 6), (4, 5, 6), (4, 0, 3), (1, 5, 2), (4, 7, 6), (4, 6, 7), (0, 1, 2), (4, 7, 3), (5, 6, 2), (0, 2, 3), (2, 6, 7), (3, 2, 7)] [5.057032306828497, 0] [2.978400357933314, 13]
[(4, 5, 0), (5, 1, 0), (4, 5, 6), (5, 4, 6), (1, 5, 2), (4, 0, 3), (4, 6, 7), (4, 7, 6), (0, 1, 2), (5, 6, 2), (4, 7, 3), (0, 2, 3), (2, 6, 7), (3, 2, 7)] [5.057599741753354, 0] [2.977436699018277, 13]
[(4, 5, 0), (5, 1, 0), (5, 4, 6), (4, 5, 6), (4, 0, 3), (1, 5, 2), (4, 7, 6), (4, 6, 7), (0, 1, 2), (4, 7, 3), (5, 6, 2), (0, 2, 3), (2, 6, 7), (3, 2, 7)] [5.058146460549769, 0] [2.9765078242921326, 13]
[(4, 5, 0), (5, 1, 0), (4, 5, 6), (5, 4, 6), (1, 5, 2), (4, 0, 3), (4, 6, 7), (4, 7, 6), (0, 1, 2), (5, 6, 2), (4, 7, 3), (0, 2, 3), (2, 6, 7), (3, 2, 7)] [5.058672456268682, 0] [2.9756137895622508, 13]
[(4, 5, 0), (5, 1, 0), (5, 4, 6), (4, 5, 6), (4, 0, 3), (1, 5, 2), (4, 7, 6), (4, 6, 7), (0, 1, 2), (4, 7, 3), (5, 6, 2), (0, 2, 3), (2, 6, 7), (3, 2, 7)] [5.059177722225873, 0] [2.9747546486017744, 13]
[(4, 5, 0), (5, 1, 0), (4, 5, 6), (5, 4, 6), (1, 5, 2), (4, 0, 3), (4, 6, 7), (4, 7, 6), (0, 1, 2), (5, 6, 2), (4, 7, 3), (0, 2, 3), (2, 6, 7), (3, 2, 7)] [5.059662252001882, 0] [2.973930453139697, 13]
[(4, 5, 0), (5, 1, 0), (5, 4, 6), (4, 5, 6), (4, 0, 3), (1, 5, 2), (4, 7, 6), (4, 6, 7), (0, 1, 2), (4, 7, 3), (5, 6, 2), (0, 2, 3), (2, 6, 7), (3, 2, 7)] [5.0601260394419265, 0] [2.973141252851301, 13]
[(4, 5, 0), (5, 1, 0), (4, 5, 6), (5, 4, 6), (1, 5, 2), (4, 0, 3), (4, 6, 7), (4, 7, 6), (0, 1, 2), (5, 6, 2), (4, 7, 3), (0, 2, 3), (2, 6, 7), (3, 2, 7)] [5.060569078655828, 0] [2.972387095348947, 13]
[(4, 5, 0), (5, 1, 0), (5, 4, 6), (4, 5, 6), (4, 0, 3), (1, 5, 2), (4, 7, 6), (4, 6, 7), (0, 1, 2), (4, 7, 3), (5, 6, 2), (0, 2, 3), (2, 6, 7), (3, 2, 7)] [5.060991364017937, 0] [2.9716680261732304, 13]
[(4, 5, 0), (5, 1, 0), (4, 5, 6), (5, 4, 6), (1, 5, 2), (4, 0, 3), (4, 6, 7), (4, 7, 6), (0, 1, 2), (5, 6, 2), (4, 7, 3), (0, 2, 3), (2, 6, 7), (3, 2, 7)] [5.061392890167067, 0] [2.9709840887845087, 13]
[(4, 5, 0), (5, 1, 0), (5, 4, 6), (4, 5, 6), (4, 0, 3), (1, 5, 2), (4, 7, 6), (4, 6, 7), (0, 1, 2), (4, 7, 3), (5, 6, 2), (0, 2, 3), (2, 6, 7), (3, 2, 7)] [5.06177365200642, 0] [2.970335324554793, 13]
[(4, 5, 0), (5, 1, 0), (4, 5, 6), (5, 4, 6), (1, 5, 2), (4, 0, 3), (4, 6, 7), (4, 7, 6), (0, 1, 2), (5, 6, 2), (4, 7, 3), (0, 2, 3), (2, 6, 7), (3, 2, 7)] [5.062133644703538, 0] [2.9697217727600207, 13]
[(4, 5, 0), (5, 1, 0), (5, 4, 6), (4, 5, 6), (4, 0, 3), (1, 5, 2), (4, 7, 6), (4, 6, 7), (0, 1, 2), (4, 7, 3), (5, 6, 2), (0, 2, 3), (2, 6, 7), (3, 2, 7)] [5.0624728636902265, 0] [2.9691434705727047, 13]
[(4, 5, 0), (5, 1, 0), (4, 5, 6), (5, 4, 6), (1, 5, 2), (4, 0, 3), (4, 6, 7), (4, 7, 6), (0, 1, 2), (5, 6, 2), (4, 7, 3), (0, 2, 3), (2, 6, 7), (3, 2, 7)] [5.062791304662509, 0] [2.968600453054963, 13]
[(4, 5, 0), (5, 1, 0), (5, 4, 6), (4, 5, 6), (4, 0, 3), (1, 5, 2), (4, 7, 6), (4, 6, 7), (0, 1, 2), (4, 7, 3), (5, 6, 2), (0, 2, 3), (2, 6, 7), (3, 2, 7)] [5.063088963580573, 0] [2.9680927531519368, 13]
[(4, 5, 0), (5, 1, 0), (4, 5, 6), (5, 4, 6), (1, 5, 2), (4, 0, 3), (4, 6, 7), (4, 7, 6), (0, 1, 2), (5, 6, 2), (4, 7, 3), (0, 2, 3), (2, 6, 7), (3, 2, 7)] [5.063365836668715, 0] [2.967620401685595, 13]
[(4, 5, 0), (5, 1, 0), (5, 4, 6), (4, 5, 6), (4, 0, 3), (1, 5, 2), (4, 7, 6), (4, 6, 7), (0, 1, 2), (4, 7, 3), (5, 6, 2), (0, 2, 3), (2, 6, 7), (3, 2, 7)] [5.063621920415297, 0] [2.9671834273489295, 13]
[(4, 5, 0), (5, 1, 0), (4, 5, 6), (5, 4, 6), (1, 5, 2), (4, 0, 3), (4, 6, 7), (4, 7, 6), (0, 1, 2), (5, 6, 2), (4, 7, 3), (0, 2, 3), (2, 6, 7), (3, 2, 7)] [5.0638572115727065, 0] [2.9667818567005453, 13]
[(4, 5, 0), (5, 1, 0), (5, 4, 6), (4, 5, 6), (4, 0, 3), (1, 5, 2), (4, 7, 6), (4, 6, 7), (0, 1, 2), (4, 7, 3), (5, 6, 2), (0, 2, 3), (2, 6, 7), (3, 2, 7)] [5.06407170715731, 0] [2.9664157141596466, 13]
[(4, 5, 0), (5, 1, 0), (4, 5, 6), (5, 4, 6), (1, 5, 2), (4, 0, 3), (4, 6, 7), (4, 7, 6), (0, 1, 2), (5, 6, 2), (4, 7, 3), (0, 2, 3), (2, 6, 7), (3, 2, 7)] [5.064265404449421, 0] [2.9660850220014243, 13]
[(4, 5, 0), (5, 1, 0), (5, 4, 6), (4, 5, 6), (4, 0, 3), (1, 5, 2), (4, 7, 6), (4, 6, 7), (0, 1, 2), (4, 7, 3), (5, 6, 2), (0, 2, 3), (2, 6, 7), (3, 2, 7)] [5.064438300993261, 0] [2.965789800352838, 13]
[(4, 5, 0), (5, 1, 0), (4, 5, 6), (5, 4, 6), (1, 5, 2), (4, 0, 3), (4, 6, 7), (4, 7, 6), (0, 1, 2), (5, 6, 2), (4, 7, 3), (0, 2, 3), (2, 6, 7), (3, 2, 7)] [5.06459039459694, 0] [2.965530067188807, 13]
[(4, 5, 0), (5, 1, 0), (5, 4, 6), (4, 5, 6), (4, 0, 3), (1, 5, 2), (4, 7, 6), (4, 6, 7), (0, 1, 2), (4, 7, 3), (5, 6, 2), (0, 2, 3), (2, 6, 7), (3, 2, 7)] [5.064721683332416, 0] [2.965305838328805, 13]
[(4, 5, 0), (5, 1, 0), (4, 5, 6), (5, 4, 6), (1, 5, 2), (4, 0, 3), (4, 6, 7), (4, 7, 6), (0, 1, 2), (5, 6, 2), (4, 7, 3), (0, 2, 3), (2, 6, 7), (3, 2, 7)] [5.064832165535481, 0] [2.9651171274338566, 13]
[(4, 5, 0), (5, 1, 0), (5, 4, 6), (4, 5, 6), (4, 0, 3), (1, 5, 2), (4, 7, 6), (4, 6, 7), (0, 1, 2), (4, 7, 3), (5, 6, 2), (0, 2, 3), (2, 6, 7), (3, 2, 7)] [5.064921839805737, 0] [2.964963946003949, 13]
[(4, 5, 0), (5, 1, 0), (4, 5, 6), (5, 4, 6), (1, 5, 2), (4, 0, 3), (4, 6, 7), (4, 7, 6), (0, 1, 2), (5, 6, 2), (4, 7, 3), (0, 2, 3), (2, 6, 7), (3, 2, 7)] [5.064990705006577, 0] [2.964846303375845, 13]
[(4, 5, 0), (5, 1, 0), (5, 4, 6), (4, 5, 6), (4, 0, 3), (1, 5, 2), (4, 7, 6), (4, 6, 7), (0, 1, 2), (4, 7, 3), (5, 6, 2), (0, 2, 3), (2, 6, 7), (3, 2, 7)] [5.065038760265176, 0] [2.9647642067213114, 13]
[(4, 5, 0), (5, 1, 0), (4, 5, 6), (5, 4, 6), (1, 5, 2), (4, 0, 3), (4, 6, 7), (4, 7, 6), (0, 1, 2), (5, 6, 2), (4, 7, 3), (0, 2, 3), (2, 6, 7), (3, 2, 7)] [5.065066004972475, 0] [2.9647176610457553, 13]
[(4, 5, 0), (5, 1, 0), (5, 4, 6), (4, 5, 6), (4, 0, 3), (1, 5, 2), (0, 1, 2), (4, 7, 6), (4, 6, 7), (4, 7, 3), (5, 6, 2), (0, 2, 3), (2, 6, 7), (3, 2, 7)] [5.065072438783176, 0] [2.964706669187272, 13]
[(4, 5, 0), (5, 1, 0), (4, 5, 6), (5, 4, 6), (1, 5, 2), (4, 0, 3), (0, 1, 2), (4, 6, 7), (4, 7, 6), (5, 6, 2), (4, 7, 3), (0, 2, 3), (2, 6, 7), (3, 2, 7)] [5.065058061615739, 0] [2.964731231816108, 13]
[(4, 5, 0), (5, 1, 0), (5, 4, 6), (4, 5, 6), (4, 0, 3), (1, 5, 2), (0, 1, 2), (4, 7, 6), (4, 6, 7), (4, 7, 3), (5, 6, 2), (0, 2, 3), (2, 6, 7), (3, 2, 7)] [5.065022873652377, 0] [2.964791347434531, 13]
[(4, 5, 0), (5, 1, 0), (4, 5, 6), (5, 4, 6), (1, 5, 2), (4, 0, 3), (0, 1, 2), (4, 6, 7), (4, 7, 6), (5, 6, 2), (4, 7, 3), (0, 2, 3), (2, 6, 7), (3, 2, 7)] [5.064966875339063, 0] [2.9648870123771154, 13]
[(4, 5, 0), (5, 1, 0), (5, 4, 6), (4, 5, 6), (4, 0, 3), (1, 5, 2), (0, 1, 2), (4, 7, 6), (4, 6, 7), (4, 7, 3), (5, 6, 2), (0, 2, 3), (2, 6, 7), (3, 2, 7)] [5.06489006738553, 0] [2.9650182208114404, 13]
[(4, 5, 0), (5, 1, 0), (4, 5, 6), (5, 4, 6), (1, 5, 2), (4, 0, 3), (0, 1, 2), (4, 6, 7), (4, 7, 6), (5, 6, 2), (4, 7, 3), (0, 2, 3), (2, 6, 7), (3, 2, 7)] [5.064792450765289, 0] [2.9651849647391955, 13]
[(4, 5, 0), (5, 1, 0), (5, 4, 6), (4, 5, 6), (4, 0, 3), (1, 5, 2), (0, 1, 2), (4, 7, 6), (4, 6, 7), (4, 7, 3), (5, 6, 2), (0, 2, 3), (2, 6, 7), (3, 2, 7)] [5.064674026715628, 0] [2.965387233997703, 13]
[(4, 5, 0), (5, 1, 0), (4, 5, 6), (5, 4, 6), (1, 5, 2), (4, 0, 3), (0, 1, 2), (4, 6, 7), (4, 7, 6), (5, 6, 2), (4, 7, 3), (0, 2, 3), (2, 6, 7), (3, 2, 7)] [5.0645347967376395, 0] [2.9656250162618476, 13]
[(4, 5, 0), (5, 1, 0), (5, 4, 6), (4, 5, 6), (4, 0, 3), (1, 5, 2), (0, 1, 2), (4, 7, 6), (4, 6, 7), (4, 7, 3), (5, 6, 2), (0, 2, 3), (2, 6, 7), (3, 2, 7)] [5.064374762596229, 0] [2.9658982970464156, 13]
[(4, 5, 0), (5, 1, 0), (4, 5, 6), (5, 4, 6), (1, 5, 2), (4, 0, 3), (0, 1, 2), (4, 6, 7), (4, 7, 6), (5, 6, 2), (4, 7, 3), (0, 2, 3), (2, 6, 7), (3, 2, 7)] [5.064193926320146, 0] [2.9662070597088426, 13]
[(4, 5, 0), (5, 1, 0), (5, 4, 6), (4, 5, 6), (4, 0, 3), (1, 5, 2), (0, 1, 2), (4, 7, 6), (4, 6, 7), (4, 7, 3), (5, 6, 2), (0, 2, 3), (2, 6, 7), (3, 2, 7)] [5.063992290202003, 0] [2.966551285452371, 13]
[(4, 5, 0), (5, 1, 0), (4, 5, 6), (5, 4, 6), (1, 5, 2), (4, 0, 3), (0, 1, 2), (4, 6, 7), (4, 7, 6), (5, 6, 2), (4, 7, 3), (0, 2, 3), (2, 6, 7), (3, 2, 7)] [5.063769856798301, 0] [2.96693095332961, 13]
[(4, 5, 0), (5, 1, 0), (5, 4, 6), (4, 5, 6), (4, 0, 3), (1, 5, 2), (0, 1, 2), (4, 7, 6), (4, 6, 7), (4, 7, 3), (5, 6, 2), (0, 2, 3), (2, 6, 7), (3, 2, 7)] [5.063526628929473, 0] [2.9673460402464977, 13]
[(4, 5, 0), (5, 1, 0), (4, 5, 6), (5, 4, 6), (1, 5, 2), (4, 0, 3), (0, 1, 2), (4, 6, 7), (4, 7, 6), (5, 6, 2), (4, 7, 3), (0, 2, 3), (2, 6, 7), (3, 2, 7)] [5.063262609679904, 0] [2.967796520966674, 13]
[(4, 5, 0), (5, 1, 0), (5, 4, 6), (4, 5, 6), (4, 0, 3), (1, 5, 2), (0, 1, 2), (4, 7, 6), (4, 6, 7), (4, 7, 3), (5, 6, 2), (0, 2, 3), (2, 6, 7), (3, 2, 7)] [5.0629778023979775, 0] [2.9682823681162445, 13]
[(4, 5, 0), (5, 1, 0), (4, 5, 6), (5, 4, 6), (1, 5, 2), (4, 0, 3), (0, 1, 2), (4, 6, 7), (4, 7, 6), (5, 6, 2), (4, 7, 3), (0, 2, 3), (2, 6, 7), (3, 2, 7)] [5.06267221069612, 0] [2.9688035521889446, 13]
[(4, 5, 0), (5, 1, 0), (5, 4, 6), (4, 5, 6), (4, 0, 3), (1, 5, 2), (0, 1, 2), (4, 7, 6), (4, 6, 7), (4, 7, 3), (5, 6, 2), (0, 2, 3), (2, 6, 7), (3, 2, 7)] [5.0623458384508355, 0] [2.969360041551705, 13]
[(4, 5, 0), (5, 1, 0), (4, 5, 6), (5, 4, 6), (1, 5, 2), (4, 0, 3), (0, 1, 2), (4, 6, 7), (4, 7, 6), (5, 6, 2), (4, 7, 3), (0, 2, 3), (2, 6, 7), (3, 2, 7)] [5.061998689802761, 0] [2.969951802450601, 13]
[(4, 5, 0), (5, 1, 0), (5, 4, 6), (4, 5, 6), (4, 0, 3), (1, 5, 2), (0, 1, 2), (4, 7, 6), (4, 6, 7), (4, 7, 3), (5, 6, 2), (0, 2, 3), (2, 6, 7), (3, 2, 7)] [5.061630769156714, 0] [2.9705787990171966, 13]
[(4, 5, 0), (5, 1, 0), (4, 5, 6), (5, 4, 6), (1, 5, 2), (4, 0, 3), (0, 1, 2), (4, 6, 7), (4, 7, 6), (5, 6, 2), (4, 7, 3), (0, 2, 3), (2, 6, 7), (3, 2, 7)] [5.06124208118175, 0] [2.9712409932752792, 13]
[(4, 5, 0), (5, 1, 0), (5, 4, 6), (4, 5, 6), (4, 0, 3), (1, 5, 2), (0, 1, 2), (4, 7, 6), (4, 6, 7), (4, 7, 3), (5, 6, 2), (0, 2, 3), (2, 6, 7), (3, 2, 7)] [5.060832630811217, 0] [2.971938345147969, 13]
[(4, 5, 0), (5, 1, 0), (4, 5, 6), (5, 4, 6), (1, 5, 2), (4, 0, 3), (0, 1, 2), (4, 6, 7), (4, 7, 6), (5, 6, 2), (4, 7, 3), (0, 2, 3), (2, 6, 7), (3, 2, 7)] [5.06040242324282, 0] [2.97267081246522, 13]
[(4, 5, 0), (5, 1, 0), (5, 4, 6), (4, 5, 6), (4, 0, 3), (1, 5, 2), (0, 1, 2), (4, 7, 6), (4, 6, 7), (4, 7, 3), (5, 6, 2), (0, 2, 3), (2, 6, 7), (3, 2, 7)] [5.059951463938679, 0] [2.973438350971691, 13]
[(4, 5, 0), (5, 1, 0), (4, 5, 6), (5, 4, 6), (1, 5, 2), (4, 0, 3), (0, 1, 2), (4, 6, 7), (4, 7, 6), (5, 6, 2), (4, 7, 3), (0, 2, 3), (2, 6, 7), (3, 2, 7)] [5.059479758625406, 0] [2.974240914334991, 13]
[(4, 5, 0), (5, 1, 0), (5, 4, 6), (4, 5, 6), (4, 0, 3), (1, 5, 2), (0, 1, 2), (4, 7, 6), (4, 6, 7), (4, 7, 3), (5, 6, 2), (0, 2, 3), (2, 6, 7), (3, 2, 7)] [5.058987313294165, 0] [2.9750784541542976, 13]
[(4, 5, 0), (5, 1, 0), (4, 5, 6), (5, 4, 6), (1, 5, 2), (4, 0, 3), (0, 1, 2), (4, 6, 7), (4, 7, 6), (5, 6, 2), (4, 7, 3), (0, 2, 3), (2, 6, 7), (3, 2, 7)] [5.058474134200756, 0] [2.975950919969339, 13]
[(4, 5, 0), (5, 1, 0), (5, 4, 6), (4, 5, 6), (4, 0, 3), (1, 5, 2), (0, 1, 2), (4, 7, 6), (4, 6, 7), (4, 7, 3), (5, 6, 2), (0, 2, 3), (2, 6, 7), (3, 2, 7)] [5.057940227865685, 0] [2.976858259269739, 13]
[(4, 5, 0), (5, 1, 0), (4, 5, 6), (5, 4, 6), (1, 5, 2), (4, 0, 3), (0, 1, 2), (4, 6, 7), (4, 7, 6), (5, 6, 2), (4, 7, 3), (0, 2, 3), (2, 6, 7), (3, 2, 7)] [5.05738560107425, 0] [2.9778004175047204, 13]
[(4, 5, 0), (5, 1, 0), (5, 4, 6), (4, 5, 6), (4, 0, 3), (1, 5, 2), (0, 1, 2), (4, 7, 6), (4, 6, 7), (4, 7, 3), (5, 6, 2), (0, 2, 3), (2, 6, 7), (3, 2, 7)] [5.056810260876622, 0] [2.978777338093157, 13]
[(4, 5, 0), (5, 1, 0), (4, 5, 6), (5, 4, 6), (1, 5, 2), (4, 0, 3), (0, 1, 2), (4, 6, 7), (4, 7, 6), (5, 6, 2), (4, 7, 3), (0, 2, 3), (2, 6, 7), (3, 2, 7)] [5.056214214587932, 0] [2.9797889624339806, 13]
[(4, 5, 0), (5, 1, 0), (5, 4, 6), (4, 5, 6), (4, 0, 3), (1, 5, 2), (0, 1, 2), (4, 7, 6), (4, 6, 7), (4, 7, 3), (5, 6, 2), (0, 2, 3), (2, 6, 7), (3, 2, 7)] [5.055597469788366, 0] [2.9808352299169285, 13]
[(4, 5, 0), (5, 1, 0), (4, 5, 6), (5, 4, 6), (1, 5, 2), (4, 0, 3), (0, 1, 2), (4, 6, 7), (4, 7, 6), (5, 6, 2), (4, 7, 3), (0, 2, 3), (2, 6, 7), (3, 2, 7)] [5.054960034323255, 0] [2.98191607793363, 13]
[(4, 5, 0), (5, 1, 0), (5, 4, 6), (4, 5, 6), (4, 0, 3), (1, 5, 2), (0, 1, 2), (4, 7, 6), (4, 6, 7), (4, 7, 3), (5, 6, 2), (0, 2, 3), (2, 6, 7), (3, 2, 7)] [5.05430191630317, 0] [2.98303144188903, 13]
[(4, 5, 0), (5, 1, 0), (4, 5, 6), (5, 4, 6), (1, 5, 2), (4, 0, 3), (0, 1, 2), (4, 6, 7), (4, 7, 6), (5, 6, 2), (4, 7, 3), (0, 2, 3), (2, 6, 7), (3, 2, 7)] [5.053623124104031, 0] [2.984181255213137, 13]
[(4, 5, 0), (5, 1, 0), (5, 4, 6), (4, 5, 6), (4, 0, 3), (1, 5, 2), (0, 1, 2), (4, 7, 6), (4, 6, 7), (4, 7, 3), (5, 6, 2), (0, 2, 3), (2, 6, 7), (3, 2, 7)] [5.052923666367205, 0] [2.985365449373099, 13]
[(4, 5, 0), (5, 1, 0), (4, 5, 6), (5, 4, 6), (1, 5, 2), (4, 0, 3), (0, 1, 2), (4, 6, 7), (4, 7, 6), (5, 6, 2), (4, 7, 3), (0, 2, 3), (2, 6, 7), (3, 2, 7)] [5.052203551999613, 0] [2.9865839538855985, 13]
[(4, 5, 0), (5, 1, 0), (5, 4, 6), (4, 5, 6), (4, 0, 3), (1, 5, 2), (0, 1, 2), (4, 7, 6), (4, 6, 7), (4, 7, 3), (5, 6, 2), (0, 2, 3), (2, 6, 7), (3, 2, 7)] [5.051462790173845, 0] [2.987836696329555, 13]
[(4, 5, 0), (5, 1, 0), (4, 5, 6), (5, 4, 6), (1, 5, 2), (4, 0, 3), (0, 1, 2), (4, 6, 7), (4, 7, 6), (5, 6, 2), (4, 7, 3), (0, 2, 3), (2, 6, 7), (3, 2, 7)] [5.050701390328271, 0] [2.9891236023591454, 13]
[(4, 5, 0), (5, 1, 0), (5, 4, 6), (4, 5, 6), (4, 0, 3), (1, 5, 2), (0, 1, 2), (4, 7, 6), (4, 6, 7), (4, 7, 3), (5, 6, 2), (0, 2, 3), (2, 6, 7), (3, 2, 7)] [5.049919362167158, 0] [2.9904445957171126, 13]
[(4, 5, 0), (5, 1, 0), (4, 5, 6), (5, 4, 6), (1, 5, 2), (4, 0, 3), (0, 1, 2), (4, 6, 7), (4, 7, 6), (5, 6, 2), (4, 7, 3), (0, 2, 3), (2, 6, 7), (3, 2, 7)] [5.049116715660794, 0] [2.9917995982483836, 13]
[(4, 5, 0), (5, 1, 0), (5, 4, 6), (4, 5, 6), (4, 0, 3), (1, 5, 2), (0, 1, 2), (4, 7, 6), (4, 6, 7), (4, 7, 3), (5, 6, 2), (0, 2, 3), (2, 6, 7), (3, 2, 7)] [5.0482934610456125, 0] [2.993188529913969, 13]
[(4, 5, 0), (5, 1, 0), (4, 5, 6), (5, 4, 6), (1, 5, 2), (4, 0, 3), (0, 1, 2), (4, 6, 7), (4, 7, 6), (5, 6, 2), (4, 7, 3), (0, 2, 3), (2, 6, 7), (3, 2, 7)] [5.047449608824316, 0] [2.994611308805151, 13]
[(4, 5, 0), (5, 1, 0), (5, 4, 6), (4, 5, 6), (4, 0, 3), (1, 5, 2), (0, 1, 2), (4, 7, 6), (4, 6, 7), (4, 7, 3), (5, 6, 2), (0, 2, 3), (2, 6, 7), (3, 2, 7)] [5.046585169766009, 0] [2.996067851157951, 13]
[(4, 5, 0), (5, 1, 0), (4, 5, 6), (5, 4, 6), (1, 5, 2), (4, 0, 3), (0, 1, 2), (4, 6, 7), (4, 7, 6), (5, 6, 2), (4, 7, 3), (0, 2, 3), (2, 6, 7), (3, 2, 7)] [5.045700154906337, 0] [2.9975580713678602, 13]
[(4, 5, 0), (5, 1, 0), (5, 4, 6), (4, 5, 6), (4, 0, 3), (1, 5, 2), (0, 1, 2), (4, 7, 6), (4, 6, 7), (4, 7, 3), (5, 6, 2), (0, 2, 3), (2, 6, 7), (3, 2, 7)] [5.044794575547618, 0] [2.999081882004852, 13]
[(4, 5, 0), (5, 1, 0), (4, 5, 6), (5, 4, 6), (1, 5, 2), (4, 0, 3), (0, 1, 2), (4, 6, 7), (4, 7, 6), (5, 6, 2), (4, 7, 3), (0, 2, 3), (2, 6, 7), (3, 2, 7)] [5.043868443258988, 0] [3.0006391938286385, 13]
[(4, 5, 0), (5, 1, 0), (5, 4, 6), (4, 5, 6), (4, 0, 3), (1, 5, 2), (0, 1, 2), (4, 7, 6), (4, 6, 7), (4, 7, 3), (5, 6, 2), (0, 2, 3), (2, 6, 7), (3, 2, 7)] [5.042921769876548, 0] [3.002229915804188, 13]
[(4, 5, 0), (5, 1, 0), (4, 5, 6), (5, 4, 6), (1, 5, 2), (4, 0, 3), (0, 1, 2), (4, 6, 7), (4, 7, 6), (5, 6, 2), (4, 7, 3), (0, 2, 3), (2, 6, 7), (3, 2, 7)] [5.041954567503505, 0] [3.00385395511749, 13]
[(4, 5, 0), (5, 1, 0), (5, 4, 6), (4, 5, 6), (4, 0, 3), (1, 5, 2), (0, 1, 2), (4, 7, 6), (4, 6, 7), (4, 7, 3), (5, 6, 2), (0, 2, 3), (2, 6, 7), (3, 2, 7)] [5.040966848510329, 0] [3.0055112171915583, 13]
[(4, 5, 0), (5, 1, 0), (4, 5, 6), (5, 4, 6), (1, 5, 2), (4, 0, 3), (0, 1, 2), (4, 6, 7), (4, 7, 6), (5, 6, 2), (4, 7, 3), (0, 2, 3), (2, 6, 7), (3, 2, 7)] [5.0399586255349105, 0] [3.0072016057026674, 13]
[(4, 5, 0), (5, 1, 0), (5, 4, 6), (4, 5, 6), (4, 0, 3), (1, 5, 2), (0, 1, 2), (4, 7, 6), (4, 6, 7), (4, 7, 3), (5, 6, 2), (0, 2, 3), (2, 6, 7), (3, 2, 7)] [5.038929911482713, 0] [3.0089250225968174, 13]
[(4, 5, 0), (5, 1, 0), (4, 5, 6), (5, 4, 6), (1, 5, 2), (4, 0, 3), (0, 1, 2), (4, 6, 7), (4, 7, 6), (5, 6, 2), (4, 7, 3), (0, 2, 3), (2, 6, 7), (3, 2, 7)] [5.037880719526942, 0] [3.0106813681064173, 13]
[(4, 5, 0), (5, 1, 0), (5, 4, 6), (4, 5, 6), (4, 0, 3), (1, 5, 2), (0, 1, 2), (4, 7, 6), (4, 6, 7), (4, 7, 3), (5, 6, 2), (0, 2, 3), (2, 6, 7), (3, 2, 7)] [5.036811063108709, 0] [3.012470540767188, 13]
[(4, 5, 0), (5, 1, 0), (4, 5, 6), (5, 4, 6), (1, 5, 2), (4, 0, 3), (0, 1, 2), (4, 6, 7), (4, 7, 6), (5, 6, 2), (4, 7, 3), (0, 2, 3), (2, 6, 7), (3, 2, 7)] [5.035720955937195, 0] [3.0142924374352633, 13]
[(4, 5, 0), (5, 1, 0), (5, 4, 6), (4, 5, 6), (4, 0, 3), (1, 5, 2), (0, 1, 2), (4, 7, 6), (4, 6, 7), (4, 7, 3), (5, 6, 2), (0, 2, 3), (2, 6, 7), (3, 2, 7)] [5.0346104119898305, 0] [3.016146953304501, 13]
[(4, 5, 0), (5, 1, 0), (4, 5, 6), (5, 4, 6), (1, 5, 2), (4, 0, 3), (0, 1, 2), (4, 6, 7), (4, 7, 6), (5, 6, 2), (4, 7, 3), (0, 2, 3), (2, 6, 7), (3, 2, 7)] [5.033479445512471, 0] [3.018033981923978, 13]
[(4, 5, 0), (5, 1, 0), (5, 4, 6), (4, 5, 6), (4, 0, 3), (1, 5, 2), (0, 1, 2), (4, 7, 6), (4, 6, 7), (4, 7, 3), (5, 6, 2), (0, 2, 3), (2, 6, 7), (3, 2, 7)] [5.032328071019574, 0] [3.01995341521568, 13]
[(4, 5, 0), (5, 1, 0), (4, 5, 6), (5, 4, 6), (1, 5, 2), (4, 0, 3), (0, 1, 2), (4, 6, 7), (4, 7, 6), (5, 6, 2), (4, 7, 3), (0, 2, 3), (2, 6, 7), (3, 2, 7)] [5.031156303294385, 0] [3.0219051434923654, 13]
[(4, 5, 0), (5, 1, 0), (5, 4, 6), (4, 5, 6), (4, 0, 3), (1, 5, 2), (0, 1, 2), (4, 7, 6), (4, 6, 7), (4, 7, 3), (5, 6, 2), (0, 2, 3), (2, 6, 7), (3, 2, 7)] [5.029964157389124, 0] [3.023889055475607, 13]
